
--- Job MECLpMain.gms Start 10/03/23 07:14:04 44.4.0 06604687 WEX-WEI x86 64bit/MS Windows
--- Applying:
    C:\GAMS\44.4\gmsprmNT.txt
    C:\Users\MogensBechLaursen\OneDrive - Added Values P S\Dokumenter\GAMS\gamsconfig.yaml
--- GAMS Parameters defined
    Input C:\GitHub\23-4002-LPTool\Master\MECLpMain.gms
    PageWidth 180
    PageSize 0
    PageContr 2
    Action CE
    ScrDir C:\GitHub\23-4002-LPTool\Master\225a\
    SysDir C:\GAMS\44.4\
    WorkDir C:\GitHub\23-4002-LPTool\Master\
    LogOption 3
    DFormat 2
    TFormat 0
    ErrorLog 99
    IDE 1
    PyMultInst 0
Licensee: Mogens Bech Laursen, Single User License       S220913|0002CN-WIN
          Added Values, Plant Modeling                              DC10662
          C:\Users\MogensBechLaursen\OneDrive - Added Values P S\Dokumenter\GAMS\gamslice.txt
          mbl@addedvalues.eu                                               
Processor information: 1 socket(s), 4 core(s), and 8 thread(s) available
GAMS 44.4.0   Copyright (C) 1987-2023 GAMS Development. All rights reserved
--- Starting compilation
Entering file: C:\GitHub\23-4002-LPTool\Master\MECLpMain.gms
--- MECLpMain.gms(20) 2 Mb
Entering file: C:\GitHub\23-4002-LPTool\Master\GlobalSettings.gms
--- . GlobalSettings.gms(72) 2 Mb
--- MECLpMain.gms(21) 2 Mb
Entering file: C:\GitHub\23-4002-LPTool\Master\DeclareGlobalSets.gms
--- . DeclareGlobalSets.gms(728) 3 Mb
--- MECLpMain.gms(22) 3 Mb
Entering file: C:\GitHub\23-4002-LPTool\Master\Declarations.gms
--- . Declarations.gms(404) 3 Mb
--- MECLpMain.gms(23) 3 Mb
Entering file: C:\GitHub\23-4002-LPTool\Master\DeclareSlave.gms
--- . DeclareSlave.gms(747) 3 Mb
--- MECLpMain.gms(24) 3 Mb
Entering file: C:\GitHub\23-4002-LPTool\Master\ReadScenarios.gms
--- . ReadScenarios.gms(25) 3 Mb
--- $echo File C:\GitHub\23-4002-LPTool\Master\MecLPinput.txt
--- . ReadScenarios.gms(55) 3 Mb
--- call ERASE  MecLPinput.gdx
--- . ReadScenarios.gms(56) 3 Mb
--- call GDXXRW MecLPinput.xlsb RWait=1 Trace=3 @MecLPinput.txt

GDXXRW           44.4.0 06604687 Sep 19, 2023          WEI x86 64bit/MS Window
Excel version 16.0
Input file : C:\GitHub\23-4002-LPTool\Master\MecLPinput.xlsb
Output file: C:\GitHub\23-4002-LPTool\Master\MecLPinput.gdx
Type Symbol       Dim      Sheet                Data          RowHeader     ColHeader     
Loading sheet ScenMaster
Reading data from Excel; Rng = A1:J100
Reading Slice: A1:J100
Par  Scenarios      2      ScenMaster           D10:F45       C10:C45       D9:F9         
Par  OnNetGlobalScen   2      ScenMaster           D48:F50       C48:C50       D47:F47       
Par  OnUGlobalScen   2      ScenMaster           D52:F90       C52:C90       D51:F51       
Par  OnURevisionScen   2      ScenMaster           D92:F99       C92:C99       D91:F91       
Loading sheet ScenYear
Reading data from Excel; Rng = A8:D106
Reading Slice: A8:D106
Par  YS             1      ScenYear             B9:B106       A9:A106       --:--         
Loading sheet Brandsel
Reading data from Excel; Rng = A1:Z54
Reading Slice: A1:Z54
Par  Brandsel       2      Brandsel             C3:L17        B3:B17        C2:L2         
Loading sheet DataU
Reading data from Excel; Rng = A1:AN90
Reading Slice: A1:AN90
Par  DataU          2      DataU                B4:AD36       A4:A36        B3:AD3        
Par  FuelCode       1      DataU                B42:B60       A42:A60       --:--         
Par  OmrCode        1      DataU                G42:G44       F42:F44       --:--         
Par  DsoCode        1      DataU                G50:G54       F50:F54       --:--         
Par  DataAff        2      DataU                B66:D90       A66:A90       B65:D65       
Loading sheet DataUFuel
Reading data from Excel; Rng = A1:AI36
Reading Slice: A1:AI36
Par  FuelMix        2      DataUFuel            B4:O36        A4:A36        B3:O3         
Par  FuelPrice      2      DataUFuel            T4:AG36       S4:S36        T3:AG3        
Loading sheet DataHP
Reading data from Excel; Rng = A1:S108
Reading Slice: A1:S108
Par  DataHpKind     3      DataHP               B12:Q21       A12:A21       B10:Q11       
Loading sheet CHP
Reading data from Excel; Rng = A5:X82
Reading Slice: A5:X82
Par  CHP            2      CHP                  B34:P39       A34:A39       B33:P33       
Loading sheet DataTransm
Reading data from Excel; Rng = A1:L34
Reading Slice: A1:L34
Par  DataTransm     2      DataTransm           D11:D34       B11:C34       --:--         
Par  TransmConfig   2      DataTransm           H11:I16       G11:G16       H10:I10       
Loading sheet Pipes
Reading data from Excel; Rng = B1:N28
Reading Slice: B1:N28
Par  Pipes          2      Pipes                C5:N28        B5:B28        C4:N4         
Loading sheet Diverse
Reading data from Excel; Rng = A8:F23
Reading Slice: A8:F23
Par  Diverse        1      Diverse              B9:B23        A9:A23        --:--         
Loading sheet PlantState
Reading data from Excel; Rng = A1:I42
Reading Slice: A1:I42
Par  StateU         2      PlantState           B10:C42       A10:A42       B9:C9         
Loading sheet Availabilities
Reading data from Excel; Rng = A1:AO178
Reading Slice: A1:AO178
Par  Availability_hh   2      Availabilities       B11:AH178     A11:A178      B10:AH10      
Par  Revision_hh    2      Availabilities       AK11:AO178    AJ11:AJ178    AK10:AO10     
Loading sheet Prognoses
Reading data from Excel; Rng = A1:Y178
Reading Slice: A1:Y178
Par  Prognoses_hh   2      Prognoses            B11:U178      A11:A178      B10:U10       
Loading sheet CapacAlloc
Reading data from Excel; Rng = A1:W34
Reading Slice: A1:W34
Par  CapEReservation   3      CapacAlloc           C11:H34       B11:B34       C9:H10        
Par  CapEAvail      2      CapacAlloc           N11:O34       M11:M34       N10:O10       
Par  DataElMarket   2      CapacAlloc           R11:T19       Q11:Q19       R10:T10       
Total time = 3797 Ms
--- . ReadScenarios.gms(65) 3 Mb
--- GDXin=C:\GitHub\23-4002-LPTool\Master\MecLPinput.gdx
--- GDX File ($gdxIn) C:\GitHub\23-4002-LPTool\Master\MecLPinput.gdx
Finished loading data from GDXIN.
--- . ReadScenarios.gms(96) 3 Mb
--- GDX File ($gdxOut) C:\GitHub\23-4002-LPTool\Master\MecLpMain.gdx
--- . ReadScenarios.gms(341) 3 Mb
--- MECLpMain.gms(25) 3 Mb
Entering file: C:\GitHub\23-4002-LPTool\Master\PrepareSlave.gms
--- . PrepareSlave.gms(488) 3 Mb
--- MECLpMain.gms(30) 3 Mb
Entering file: C:\GitHub\23-4002-LPTool\Master\LoopPeriodPre.gms
--- . LoopPeriodPre.gms(155) 3 Mb
--- MECLpMain.gms(35) 3 Mb
Entering file: C:\GitHub\23-4002-LPTool\Master\PriceTaxTariffPeriod.gms
--- . PriceTaxTariffPeriod.gms(143) 3 Mb
--- MECLpMain.gms(38) 3 Mb
Entering file: C:\GitHub\23-4002-LPTool\Master\TimeAggrPeriod.gms
--- . TimeAggrPeriod.gms(201) 3 Mb
--- MECLpMain.gms(41) 3 Mb
Entering file: C:\GitHub\23-4002-LPTool\Master\LoopRollHorizPre.gms
--- . LoopRollHorizPre.gms(162) 3 Mb
--- MECLpMain.gms(45) 3 Mb
Entering file: C:\GitHub\23-4002-LPTool\Master\SetupSlaveModel.gms
--- . SetupSlaveModel.gms(11) 3 Mb
--- MECLpMain.gms(48) 3 Mb
Entering file: C:\GitHub\23-4002-LPTool\Master\SolveSlaveModel.gms
--- . SolveSlaveModel.gms(235) 3 Mb
--- .. options.inc(15) 3 Mb
--- . SolveSlaveModel.gms(241) 3 Mb
Entering file: C:\GitHub\23-4002-LPTool\Master\SaveSolverState.gms
arg1 = modelSlave
--- .. SaveSolverState.gms(34) 3 Mb
--- . SolveSlaveModel.gms(271) 3 Mb
--- MECLpMain.gms(51) 3 Mb
Entering file: C:\GitHub\23-4002-LPTool\Master\LoopRollHorizPost.gms
--- . LoopRollHorizPost.gms(94) 3 Mb
--- MECLpMain.gms(54) 3 Mb
Entering file: C:\GitHub\23-4002-LPTool\Master\LoopPeriodPost.gms
--- . LoopPeriodPost.gms(56) 3 Mb
--- .. DumpPeriodsToExcel.gms(325) 3 Mb
--- $echo File C:\GitHub\23-4002-LPTool\Master\MECoutput.txt
--- .. DumpPeriodsToExcel.gms(371) 3 Mb
--- . LoopPeriodPost.gms(66) 3 Mb
Entering file: C:\GitHub\23-4002-LPTool\Master\SavePeriodResults.gms
--- .. SavePeriodResults.gms(168) 3 Mb
--- . LoopPeriodPost.gms(68) 3 Mb
--- MECLpMain.gms(58) 4 Mb
--- Starting execution: elapsed 0:00:04.065
--- MECLpMain.gms(2097) 5 Mb
--- GDX File (execute_unload) C:\GitHub\23-4002-LPTool\Master\MecLpMain.gdx
*** Error at line 2097: Execution halted: abort 'ERROR: Sum af række i CHP-tabellen er nul for mindst eet KV-anlæg.'
--- MECLpMain.gms(2097) 5 Mb 1 Error
*** Status: Execution error(s)
--- Job MECLpMain.gms Stop 10/03/23 07:14:08 elapsed 0:00:04.070
Exit code = 3
