[23-maj-12 13.07.01] {MEC_run_jobs_2.py:462} INFO - Starting MEC_run_jobs_2 ...
[23-maj-12 13.07.01] {MEC_run_jobs_2.py:520} WARNING - Validation mode - only creating input files
[23-maj-12 13.07.01] {MEC_run_jobs_2.py:530} INFO - Creating CoreData instance for Scen_m11s01u00r00f00 ...
[23-maj-12 13.07.01] {MEC_run_jobs_2.py:170} INFO - Copying input files to C:\GitHub\23-1002 MEC FF\INVOPT\WorkDir\Scen_m11s01u00r00f00 ...
[23-maj-12 13.07.01] {MEC_run_jobs_2.py:173} INFO - Removing files from working directory: C:\GitHub\23-1002 MEC FF\INVOPT\WorkDir\Scen_m11s01u00r00f00
[23-maj-12 13.07.09] {MEC_run_jobs_2.py:235} INFO - Reading scenarios from MECKapacInput.xlsb ...
[23-maj-12 13.07.10] {MEC_run_jobs_2.py:535} INFO - Modifying Excel input file for Scen_m11s01u00r00f00 ...
[23-maj-12 13.07.10] {MEC_run_jobs_2.py:290} INFO - setParmMaster Scenarios.ScenarioID to 1101000000
[23-maj-12 13.07.10] {MEC_run_jobs_2.py:290} INFO - setParmMaster Scenarios.PeriodFirst to 7
[23-maj-12 13.07.10] {MEC_run_jobs_2.py:290} INFO - setParmMaster Scenarios.PeriodLast to 13
[23-maj-12 13.07.10] {MEC_run_jobs_2.py:290} INFO - setParmMaster Scenarios.DurationPeriod to 8760
[23-maj-12 13.07.10] {MEC_run_jobs_2.py:290} INFO - setParmMaster Scenarios.LenRollHorizonOverhang to 10
[23-maj-12 13.07.10] {MEC_run_jobs_2.py:290} INFO - setParmMaster Scenarios.OnDuplicatePeriods to 0
[23-maj-12 13.07.10] {MEC_run_jobs_2.py:290} INFO - setParmMaster Scenarios.OnTimeAggr to 4
[23-maj-12 13.07.10] {MEC_run_jobs_2.py:290} INFO - setParmMaster Scenarios.MasterIterMax to 2
[23-maj-12 13.07.10] {MEC_run_jobs_2.py:290} INFO - setParmMaster Scenarios.AlfaVersion to 5
[23-maj-12 13.07.10] {MEC_run_jobs_2.py:290} INFO - setParmMaster OnUGlobalScen.MaAff1 to 1
[23-maj-12 13.07.10] {MEC_run_jobs_2.py:290} INFO - setParmMaster OnUGlobalScen.MaAff2 to 1
[23-maj-12 13.07.10] {MEC_run_jobs_2.py:290} INFO - setParmMaster OnUGlobalScen.MaBio to 1
[23-maj-12 13.07.10] {MEC_run_jobs_2.py:290} INFO - setParmMaster OnUGlobalScen.HoNhpAir to 0
[23-maj-12 13.07.10] {MEC_run_jobs_2.py:290} INFO - setParmMaster OnUGlobalScen.HoNhpSew to 0
[23-maj-12 13.07.10] {MEC_run_jobs_2.py:290} INFO - setParmMaster OnUGlobalScen.HoNEk to 0
[23-maj-12 13.07.10] {MEC_run_jobs_2.py:290} INFO - setParmMaster OnUGlobalScen.StNhpAir to 0
[23-maj-12 13.07.10] {MEC_run_jobs_2.py:290} INFO - setParmMaster OnUGlobalScen.StNhpSea to 0
[23-maj-12 13.07.10] {MEC_run_jobs_2.py:290} INFO - setParmMaster OnUGlobalScen.StNhpSew to 0
[23-maj-12 13.07.10] {MEC_run_jobs_2.py:290} INFO - setParmMaster OnUGlobalScen.StNFlis to 0
[23-maj-12 13.07.10] {MEC_run_jobs_2.py:290} INFO - setParmMaster OnUGlobalScen.MaNAff to 0
[23-maj-12 13.07.10] {MEC_run_jobs_2.py:290} INFO - setParmMaster OnUGlobalScen.MaNBk to 0
[23-maj-12 13.07.10] {MEC_run_jobs_2.py:290} INFO - setParmMaster OnUGlobalScen.HoNhpArla to 0
[23-maj-12 13.07.10] {MEC_run_jobs_2.py:290} INFO - setParmMaster OnUGlobalScen.HoNhpArla2 to 0
[23-maj-12 13.07.10] {MEC_run_jobs_2.py:290} INFO - setParmMaster OnUGlobalScen.HoNhpBirn to 0
[23-maj-12 13.07.10] {MEC_run_jobs_2.py:290} INFO - setParmMaster OnUGlobalScen.MaNhpPtX to 0
[23-maj-12 13.07.15] {MEC_run_jobs_2.py:693} INFO - Spawning process for Scen_m11s01u00r00f00 job ...
[23-maj-12 13.07.15] {MEC_run_jobs_2.py:530} INFO - Creating CoreData instance for Scen_m11s01u10r00f00 ...
[23-maj-12 13.07.15] {MEC_run_jobs_2.py:170} INFO - Copying input files to C:\GitHub\23-1002 MEC FF\INVOPT\WorkDir\Scen_m11s01u10r00f00 ...
[23-maj-12 13.07.15] {MEC_run_jobs_2.py:173} INFO - Removing files from working directory: C:\GitHub\23-1002 MEC FF\INVOPT\WorkDir\Scen_m11s01u10r00f00
[23-maj-12 13.07.23] {MEC_run_jobs_2.py:235} INFO - Reading scenarios from MECKapacInput.xlsb ...
[23-maj-12 13.07.24] {MEC_run_jobs_2.py:535} INFO - Modifying Excel input file for Scen_m11s01u10r00f00 ...
[23-maj-12 13.07.24] {MEC_run_jobs_2.py:745} CRITICAL - 
Exception occurred in MEC_run_jobs_2
ex=ValueError('No initialization code for Scen_m11s01u10r00f00')
Traceback (most recent call last):
  File "C:\GitHub\23-1002 MEC FF\Python\MEC_run_jobs_2.py", line 684, in <module>
    raise ValueError(f'No initialization code for {scenName}')
ValueError: No initialization code for Scen_m11s01u10r00f00
[23-maj-12 13.07.24] {MEClib.py:68} INFO - Closing log file.
[23-maj-12 13.09.58] {MEC_run_jobs_2.py:462} INFO - Starting MEC_run_jobs_2 ...
[23-maj-12 13.09.58] {MEC_run_jobs_2.py:520} WARNING - Validation mode - only creating input files
[23-maj-12 13.09.58] {MEC_run_jobs_2.py:530} INFO - Creating CoreData instance for Scen_m11s01u00r00f00 ...
[23-maj-12 13.09.58] {MEC_run_jobs_2.py:170} INFO - Copying input files to C:\GitHub\23-1002 MEC FF\INVOPT\WorkDir\Scen_m11s01u00r00f00 ...
[23-maj-12 13.09.58] {MEC_run_jobs_2.py:173} INFO - Removing files from working directory: C:\GitHub\23-1002 MEC FF\INVOPT\WorkDir\Scen_m11s01u00r00f00
[23-maj-12 13.10.07] {MEC_run_jobs_2.py:235} INFO - Reading scenarios from MECKapacInput.xlsb ...
[23-maj-12 13.10.08] {MEC_run_jobs_2.py:535} INFO - Modifying Excel input file for Scen_m11s01u00r00f00 ...
[23-maj-12 13.10.09] {pyplot.py:339} DEBUG - Loaded backend qtagg version 5.15.7.
[23-maj-12 13.16.48] {MEC_run_jobs_2.py:290} INFO - setParmMaster Scenarios.ScenarioID to 1101000000
[23-maj-12 13.16.48] {MEC_run_jobs_2.py:290} INFO - setParmMaster Scenarios.PeriodFirst to 7
[23-maj-12 13.16.48] {MEC_run_jobs_2.py:290} INFO - setParmMaster Scenarios.PeriodLast to 13
[23-maj-12 13.16.48] {MEC_run_jobs_2.py:290} INFO - setParmMaster Scenarios.DurationPeriod to 8760
[23-maj-12 13.16.48] {MEC_run_jobs_2.py:290} INFO - setParmMaster Scenarios.LenRollHorizonOverhang to 10
[23-maj-12 13.16.48] {MEC_run_jobs_2.py:290} INFO - setParmMaster Scenarios.OnDuplicatePeriods to 0
[23-maj-12 13.16.48] {MEC_run_jobs_2.py:290} INFO - setParmMaster Scenarios.OnTimeAggr to 4
[23-maj-12 13.16.48] {MEC_run_jobs_2.py:290} INFO - setParmMaster Scenarios.MasterIterMax to 2
[23-maj-12 13.16.48] {MEC_run_jobs_2.py:290} INFO - setParmMaster Scenarios.AlfaVersion to 5
[23-maj-12 13.16.48] {MEC_run_jobs_2.py:290} INFO - setParmMaster OnUGlobalScen.MaAff1 to 1
[23-maj-12 13.16.48] {MEC_run_jobs_2.py:290} INFO - setParmMaster OnUGlobalScen.MaAff2 to 1
[23-maj-12 13.16.48] {MEC_run_jobs_2.py:290} INFO - setParmMaster OnUGlobalScen.MaBio to 1
[23-maj-12 13.16.48] {MEC_run_jobs_2.py:290} INFO - setParmMaster OnUGlobalScen.HoNhpAir to 0
[23-maj-12 13.16.48] {MEC_run_jobs_2.py:290} INFO - setParmMaster OnUGlobalScen.HoNhpSew to 0
[23-maj-12 13.16.48] {MEC_run_jobs_2.py:290} INFO - setParmMaster OnUGlobalScen.HoNEk to 0
[23-maj-12 13.16.48] {MEC_run_jobs_2.py:290} INFO - setParmMaster OnUGlobalScen.StNhpAir to 0
[23-maj-12 13.16.48] {MEC_run_jobs_2.py:290} INFO - setParmMaster OnUGlobalScen.StNhpSea to 0
[23-maj-12 13.16.48] {MEC_run_jobs_2.py:290} INFO - setParmMaster OnUGlobalScen.StNhpSew to 0
[23-maj-12 13.16.48] {MEC_run_jobs_2.py:290} INFO - setParmMaster OnUGlobalScen.StNFlis to 0
[23-maj-12 13.16.48] {MEC_run_jobs_2.py:290} INFO - setParmMaster OnUGlobalScen.MaNAff to 0
[23-maj-12 13.16.49] {MEC_run_jobs_2.py:290} INFO - setParmMaster OnUGlobalScen.MaNBk to 0
[23-maj-12 13.16.49] {MEC_run_jobs_2.py:290} INFO - setParmMaster OnUGlobalScen.HoNhpArla to 0
[23-maj-12 13.16.49] {MEC_run_jobs_2.py:290} INFO - setParmMaster OnUGlobalScen.HoNhpArla2 to 0
[23-maj-12 13.16.49] {MEC_run_jobs_2.py:290} INFO - setParmMaster OnUGlobalScen.HoNhpBirn to 0
[23-maj-12 13.16.49] {MEC_run_jobs_2.py:290} INFO - setParmMaster OnUGlobalScen.MaNhpPtX to 0
[23-maj-12 13.17.04] {MEC_run_jobs_2.py:693} INFO - Spawning process for Scen_m11s01u00r00f00 job ...
[23-maj-12 13.17.15] {MEC_run_jobs_2.py:530} INFO - Creating CoreData instance for Scen_m11s01u10r00f00 ...
[23-maj-12 13.17.17] {MEC_run_jobs_2.py:170} INFO - Copying input files to C:\GitHub\23-1002 MEC FF\INVOPT\WorkDir\Scen_m11s01u10r00f00 ...
[23-maj-12 13.17.17] {MEC_run_jobs_2.py:173} INFO - Removing files from working directory: C:\GitHub\23-1002 MEC FF\INVOPT\WorkDir\Scen_m11s01u10r00f00
[23-maj-12 13.17.25] {MEC_run_jobs_2.py:235} INFO - Reading scenarios from MECKapacInput.xlsb ...
[23-maj-12 13.17.27] {MEC_run_jobs_2.py:535} INFO - Modifying Excel input file for Scen_m11s01u10r00f00 ...
[23-maj-12 13.21.45] {MEC_run_jobs_2.py:462} INFO - Starting MEC_run_jobs_2 ...
[23-maj-12 13.21.45] {MEC_run_jobs_2.py:515} WARNING - Validation mode - only creating input files
[23-maj-12 13.21.45] {MEC_run_jobs_2.py:525} INFO - Creating CoreData instance for Scen_m11s01u00r00f00 ...
[23-maj-12 13.21.45] {MEC_run_jobs_2.py:170} INFO - Copying input files to C:\GitHub\23-1002 MEC FF\INVOPT\WorkDir\Scen_m11s01u00r00f00 ...
[23-maj-12 13.21.45] {MEC_run_jobs_2.py:181} INFO - Creating working directory: C:\GitHub\23-1002 MEC FF\INVOPT\WorkDir\Scen_m11s01u00r00f00
[23-maj-12 13.21.50] {MEC_run_jobs_2.py:235} INFO - Reading scenarios from MECKapacInput.xlsb ...
[23-maj-12 13.21.51] {MEC_run_jobs_2.py:530} INFO - Modifying Excel input file for Scen_m11s01u00r00f00 ...
[23-maj-12 13.21.51] {pyplot.py:339} DEBUG - Loaded backend qtagg version 5.15.7.
[23-maj-12 13.23.29] {MEC_run_jobs_2.py:290} INFO - setParmMaster Scenarios.ScenarioID to 1101000000
[23-maj-12 13.23.29] {MEC_run_jobs_2.py:290} INFO - setParmMaster Scenarios.PeriodFirst to 7
[23-maj-12 13.23.29] {MEC_run_jobs_2.py:290} INFO - setParmMaster Scenarios.PeriodLast to 13
[23-maj-12 13.23.29] {MEC_run_jobs_2.py:290} INFO - setParmMaster Scenarios.DurationPeriod to 8760
[23-maj-12 13.23.29] {MEC_run_jobs_2.py:290} INFO - setParmMaster Scenarios.LenRollHorizonOverhang to 10
[23-maj-12 13.23.29] {MEC_run_jobs_2.py:290} INFO - setParmMaster Scenarios.OnDuplicatePeriods to 0
[23-maj-12 13.23.29] {MEC_run_jobs_2.py:290} INFO - setParmMaster Scenarios.OnTimeAggr to 4
[23-maj-12 13.23.29] {MEC_run_jobs_2.py:290} INFO - setParmMaster Scenarios.MasterIterMax to 2
[23-maj-12 13.23.29] {MEC_run_jobs_2.py:290} INFO - setParmMaster Scenarios.AlfaVersion to 5
[23-maj-12 13.23.29] {MEC_run_jobs_2.py:290} INFO - setParmMaster OnUGlobalScen.MaAff1 to 1
[23-maj-12 13.23.29] {MEC_run_jobs_2.py:290} INFO - setParmMaster OnUGlobalScen.MaAff2 to 1
[23-maj-12 13.23.29] {MEC_run_jobs_2.py:290} INFO - setParmMaster OnUGlobalScen.MaBio to 1
[23-maj-12 13.23.29] {MEC_run_jobs_2.py:290} INFO - setParmMaster OnUGlobalScen.HoNhpAir to 0
[23-maj-12 13.23.29] {MEC_run_jobs_2.py:290} INFO - setParmMaster OnUGlobalScen.HoNhpSew to 0
[23-maj-12 13.23.29] {MEC_run_jobs_2.py:290} INFO - setParmMaster OnUGlobalScen.HoNEk to 0
[23-maj-12 13.23.29] {MEC_run_jobs_2.py:290} INFO - setParmMaster OnUGlobalScen.StNhpAir to 0
[23-maj-12 13.23.29] {MEC_run_jobs_2.py:290} INFO - setParmMaster OnUGlobalScen.StNhpSea to 0
[23-maj-12 13.23.29] {MEC_run_jobs_2.py:290} INFO - setParmMaster OnUGlobalScen.StNhpSew to 0
[23-maj-12 13.23.29] {MEC_run_jobs_2.py:290} INFO - setParmMaster OnUGlobalScen.StNFlis to 0
[23-maj-12 13.23.29] {MEC_run_jobs_2.py:290} INFO - setParmMaster OnUGlobalScen.MaNAff to 0
[23-maj-12 13.23.29] {MEC_run_jobs_2.py:290} INFO - setParmMaster OnUGlobalScen.MaNBk to 0
[23-maj-12 13.23.29] {MEC_run_jobs_2.py:290} INFO - setParmMaster OnUGlobalScen.HoNhpArla to 0
[23-maj-12 13.23.29] {MEC_run_jobs_2.py:290} INFO - setParmMaster OnUGlobalScen.HoNhpArla2 to 0
[23-maj-12 13.23.29] {MEC_run_jobs_2.py:290} INFO - setParmMaster OnUGlobalScen.HoNhpBirn to 0
[23-maj-12 13.23.29] {MEC_run_jobs_2.py:290} INFO - setParmMaster OnUGlobalScen.MaNhpPtX to 0
[23-maj-12 13.23.33] {MEC_run_jobs_2.py:688} INFO - Spawning process for Scen_m11s01u00r00f00 job ...
[23-maj-12 13.23.33] {MEC_run_jobs_2.py:525} INFO - Creating CoreData instance for Scen_m11s02u10r00f00 ...
[23-maj-12 13.23.33] {MEC_run_jobs_2.py:170} INFO - Copying input files to C:\GitHub\23-1002 MEC FF\INVOPT\WorkDir\Scen_m11s02u10r00f00 ...
[23-maj-12 13.23.33] {MEC_run_jobs_2.py:181} INFO - Creating working directory: C:\GitHub\23-1002 MEC FF\INVOPT\WorkDir\Scen_m11s02u10r00f00
[23-maj-12 13.23.39] {MEC_run_jobs_2.py:235} INFO - Reading scenarios from MECKapacInput.xlsb ...
[23-maj-12 13.23.39] {MEC_run_jobs_2.py:530} INFO - Modifying Excel input file for Scen_m11s02u10r00f00 ...
[23-maj-12 13.23.49] {MEC_run_jobs_2.py:290} INFO - setParmMaster Scenarios.ScenarioID to 1102100000
[23-maj-12 13.23.49] {MEC_run_jobs_2.py:290} INFO - setParmMaster Scenarios.PeriodFirst to 7
[23-maj-12 13.23.49] {MEC_run_jobs_2.py:290} INFO - setParmMaster Scenarios.PeriodLast to 17
[23-maj-12 13.23.50] {MEC_run_jobs_2.py:290} INFO - setParmMaster Scenarios.DurationPeriod to 8760
[23-maj-12 13.23.50] {MEC_run_jobs_2.py:290} INFO - setParmMaster Scenarios.LenRollHorizonOverhang to 10
[23-maj-12 13.23.50] {MEC_run_jobs_2.py:290} INFO - setParmMaster Scenarios.OnDuplicatePeriods to 0
[23-maj-12 13.23.50] {MEC_run_jobs_2.py:290} INFO - setParmMaster Scenarios.OnTimeAggr to 4
[23-maj-12 13.23.50] {MEC_run_jobs_2.py:290} INFO - setParmMaster Scenarios.MasterIterMax to 15
[23-maj-12 13.23.50] {MEC_run_jobs_2.py:290} INFO - setParmMaster Scenarios.AlfaVersion to 5
[23-maj-12 13.23.50] {MEC_run_jobs_2.py:290} INFO - setParmMaster OnUGlobalScen.MaAff1 to 1
[23-maj-12 13.23.50] {MEC_run_jobs_2.py:290} INFO - setParmMaster OnUGlobalScen.MaAff2 to 1
[23-maj-12 13.23.50] {MEC_run_jobs_2.py:290} INFO - setParmMaster OnUGlobalScen.MaBio to 1
[23-maj-12 13.23.50] {MEC_run_jobs_2.py:290} INFO - setParmMaster OnUGlobalScen.HoNhpAir to 0
[23-maj-12 13.23.50] {MEC_run_jobs_2.py:290} INFO - setParmMaster OnUGlobalScen.HoNhpSew to 0
[23-maj-12 13.23.50] {MEC_run_jobs_2.py:290} INFO - setParmMaster OnUGlobalScen.HoNEk to 0
[23-maj-12 13.23.50] {MEC_run_jobs_2.py:290} INFO - setParmMaster OnUGlobalScen.StNhpAir to 0
[23-maj-12 13.23.50] {MEC_run_jobs_2.py:290} INFO - setParmMaster OnUGlobalScen.StNhpSea to 0
[23-maj-12 13.23.50] {MEC_run_jobs_2.py:290} INFO - setParmMaster OnUGlobalScen.StNhpSew to 0
[23-maj-12 13.23.50] {MEC_run_jobs_2.py:290} INFO - setParmMaster OnUGlobalScen.StNFlis to 0
[23-maj-12 13.23.50] {MEC_run_jobs_2.py:290} INFO - setParmMaster OnUGlobalScen.MaNAff to 0
[23-maj-12 13.23.50] {MEC_run_jobs_2.py:290} INFO - setParmMaster OnUGlobalScen.MaNBk to 0
[23-maj-12 13.23.50] {MEC_run_jobs_2.py:290} INFO - setParmMaster OnUGlobalScen.HoNhpArla to 0
[23-maj-12 13.23.50] {MEC_run_jobs_2.py:290} INFO - setParmMaster OnUGlobalScen.HoNhpArla2 to 0
[23-maj-12 13.23.50] {MEC_run_jobs_2.py:290} INFO - setParmMaster OnUGlobalScen.HoNhpBirn to 0
[23-maj-12 13.23.50] {MEC_run_jobs_2.py:290} INFO - setParmMaster OnUGlobalScen.MaNhpPtX to 0
[23-maj-12 13.23.50] {MEC_run_jobs_2.py:290} INFO - setParmMaster OnUGlobalScen.MaNBk to 1
[23-maj-12 13.23.50] {MEC_run_jobs_2.py:740} CRITICAL - 
Exception occurred in MEC_run_jobs_2
ex=AttributeError("'str' object has no attribute 'contains'")
Traceback (most recent call last):
  File "C:\GitHub\23-1002 MEC FF\Python\MEC_run_jobs_2.py", line 593, in <module>
    if scenId.contains('u10'):
AttributeError: 'str' object has no attribute 'contains'
[23-maj-12 13.23.50] {MEClib.py:68} INFO - Closing log file.
[23-maj-12 13.24.08] {MEC_run_jobs_2.py:462} INFO - Starting MEC_run_jobs_2 ...
[23-maj-12 13.24.08] {MEC_run_jobs_2.py:515} WARNING - Validation mode - only creating input files
[23-maj-12 13.24.08] {MEC_run_jobs_2.py:525} INFO - Creating CoreData instance for Scen_m11s01u00r00f00 ...
[23-maj-12 13.24.08] {MEC_run_jobs_2.py:170} INFO - Copying input files to C:\GitHub\23-1002 MEC FF\INVOPT\WorkDir\Scen_m11s01u00r00f00 ...
[23-maj-12 13.24.08] {MEC_run_jobs_2.py:173} INFO - Removing files from working directory: C:\GitHub\23-1002 MEC FF\INVOPT\WorkDir\Scen_m11s01u00r00f00
[23-maj-12 13.24.13] {MEC_run_jobs_2.py:235} INFO - Reading scenarios from MECKapacInput.xlsb ...
[23-maj-12 13.24.14] {MEC_run_jobs_2.py:530} INFO - Modifying Excel input file for Scen_m11s01u00r00f00 ...
[23-maj-12 13.24.14] {MEC_run_jobs_2.py:290} INFO - setParmMaster Scenarios.ScenarioID to 1101000000
[23-maj-12 13.24.14] {MEC_run_jobs_2.py:290} INFO - setParmMaster Scenarios.PeriodFirst to 7
[23-maj-12 13.24.14] {MEC_run_jobs_2.py:290} INFO - setParmMaster Scenarios.PeriodLast to 13
[23-maj-12 13.24.14] {MEC_run_jobs_2.py:290} INFO - setParmMaster Scenarios.DurationPeriod to 8760
[23-maj-12 13.24.14] {MEC_run_jobs_2.py:290} INFO - setParmMaster Scenarios.LenRollHorizonOverhang to 10
[23-maj-12 13.24.14] {MEC_run_jobs_2.py:290} INFO - setParmMaster Scenarios.OnDuplicatePeriods to 0
[23-maj-12 13.24.14] {MEC_run_jobs_2.py:290} INFO - setParmMaster Scenarios.OnTimeAggr to 4
[23-maj-12 13.24.14] {MEC_run_jobs_2.py:290} INFO - setParmMaster Scenarios.MasterIterMax to 2
[23-maj-12 13.24.14] {MEC_run_jobs_2.py:290} INFO - setParmMaster Scenarios.AlfaVersion to 5
[23-maj-12 13.24.14] {MEC_run_jobs_2.py:290} INFO - setParmMaster OnUGlobalScen.MaAff1 to 1
[23-maj-12 13.24.14] {MEC_run_jobs_2.py:290} INFO - setParmMaster OnUGlobalScen.MaAff2 to 1
[23-maj-12 13.24.14] {MEC_run_jobs_2.py:290} INFO - setParmMaster OnUGlobalScen.MaBio to 1
[23-maj-12 13.24.14] {MEC_run_jobs_2.py:290} INFO - setParmMaster OnUGlobalScen.HoNhpAir to 0
[23-maj-12 13.24.14] {MEC_run_jobs_2.py:290} INFO - setParmMaster OnUGlobalScen.HoNhpSew to 0
[23-maj-12 13.24.14] {MEC_run_jobs_2.py:290} INFO - setParmMaster OnUGlobalScen.HoNEk to 0
[23-maj-12 13.24.14] {MEC_run_jobs_2.py:290} INFO - setParmMaster OnUGlobalScen.StNhpAir to 0
[23-maj-12 13.24.14] {MEC_run_jobs_2.py:290} INFO - setParmMaster OnUGlobalScen.StNhpSea to 0
[23-maj-12 13.24.14] {MEC_run_jobs_2.py:290} INFO - setParmMaster OnUGlobalScen.StNhpSew to 0
[23-maj-12 13.24.14] {MEC_run_jobs_2.py:290} INFO - setParmMaster OnUGlobalScen.StNFlis to 0
[23-maj-12 13.24.14] {MEC_run_jobs_2.py:290} INFO - setParmMaster OnUGlobalScen.MaNAff to 0
[23-maj-12 13.24.14] {MEC_run_jobs_2.py:290} INFO - setParmMaster OnUGlobalScen.MaNBk to 0
[23-maj-12 13.24.14] {MEC_run_jobs_2.py:290} INFO - setParmMaster OnUGlobalScen.HoNhpArla to 0
[23-maj-12 13.24.14] {MEC_run_jobs_2.py:290} INFO - setParmMaster OnUGlobalScen.HoNhpArla2 to 0
[23-maj-12 13.24.14] {MEC_run_jobs_2.py:290} INFO - setParmMaster OnUGlobalScen.HoNhpBirn to 0
[23-maj-12 13.24.14] {MEC_run_jobs_2.py:290} INFO - setParmMaster OnUGlobalScen.MaNhpPtX to 0
[23-maj-12 13.24.19] {MEC_run_jobs_2.py:688} INFO - Spawning process for Scen_m11s01u00r00f00 job ...
[23-maj-12 13.24.19] {MEC_run_jobs_2.py:525} INFO - Creating CoreData instance for Scen_m11s02u10r00f00 ...
[23-maj-12 13.24.19] {MEC_run_jobs_2.py:170} INFO - Copying input files to C:\GitHub\23-1002 MEC FF\INVOPT\WorkDir\Scen_m11s02u10r00f00 ...
[23-maj-12 13.24.19] {MEC_run_jobs_2.py:173} INFO - Removing files from working directory: C:\GitHub\23-1002 MEC FF\INVOPT\WorkDir\Scen_m11s02u10r00f00
[23-maj-12 13.24.24] {MEC_run_jobs_2.py:235} INFO - Reading scenarios from MECKapacInput.xlsb ...
[23-maj-12 13.24.24] {MEC_run_jobs_2.py:530} INFO - Modifying Excel input file for Scen_m11s02u10r00f00 ...
[23-maj-12 13.24.24] {pyplot.py:339} DEBUG - Loaded backend qtagg version 5.15.7.
[23-maj-12 13.25.02] {MEC_run_jobs_2.py:290} INFO - setParmMaster Scenarios.ScenarioID to 1102100000
[23-maj-12 13.25.02] {MEC_run_jobs_2.py:290} INFO - setParmMaster Scenarios.PeriodFirst to 7
[23-maj-12 13.25.02] {MEC_run_jobs_2.py:290} INFO - setParmMaster Scenarios.PeriodLast to 17
[23-maj-12 13.25.02] {MEC_run_jobs_2.py:290} INFO - setParmMaster Scenarios.DurationPeriod to 8760
[23-maj-12 13.25.02] {MEC_run_jobs_2.py:290} INFO - setParmMaster Scenarios.LenRollHorizonOverhang to 10
[23-maj-12 13.25.02] {MEC_run_jobs_2.py:290} INFO - setParmMaster Scenarios.OnDuplicatePeriods to 0
[23-maj-12 13.25.02] {MEC_run_jobs_2.py:290} INFO - setParmMaster Scenarios.OnTimeAggr to 4
[23-maj-12 13.25.02] {MEC_run_jobs_2.py:290} INFO - setParmMaster Scenarios.MasterIterMax to 15
[23-maj-12 13.25.02] {MEC_run_jobs_2.py:290} INFO - setParmMaster Scenarios.AlfaVersion to 5
[23-maj-12 13.25.02] {MEC_run_jobs_2.py:290} INFO - setParmMaster OnUGlobalScen.MaAff1 to 1
[23-maj-12 13.25.02] {MEC_run_jobs_2.py:290} INFO - setParmMaster OnUGlobalScen.MaAff2 to 1
[23-maj-12 13.25.02] {MEC_run_jobs_2.py:290} INFO - setParmMaster OnUGlobalScen.MaBio to 1
[23-maj-12 13.25.02] {MEC_run_jobs_2.py:290} INFO - setParmMaster OnUGlobalScen.HoNhpAir to 0
[23-maj-12 13.25.02] {MEC_run_jobs_2.py:290} INFO - setParmMaster OnUGlobalScen.HoNhpSew to 0
[23-maj-12 13.25.02] {MEC_run_jobs_2.py:290} INFO - setParmMaster OnUGlobalScen.HoNEk to 0
[23-maj-12 13.25.02] {MEC_run_jobs_2.py:290} INFO - setParmMaster OnUGlobalScen.StNhpAir to 0
[23-maj-12 13.25.02] {MEC_run_jobs_2.py:290} INFO - setParmMaster OnUGlobalScen.StNhpSea to 0
[23-maj-12 13.25.02] {MEC_run_jobs_2.py:290} INFO - setParmMaster OnUGlobalScen.StNhpSew to 0
[23-maj-12 13.25.02] {MEC_run_jobs_2.py:290} INFO - setParmMaster OnUGlobalScen.StNFlis to 0
[23-maj-12 13.25.02] {MEC_run_jobs_2.py:290} INFO - setParmMaster OnUGlobalScen.MaNAff to 0
[23-maj-12 13.25.02] {MEC_run_jobs_2.py:290} INFO - setParmMaster OnUGlobalScen.MaNBk to 0
[23-maj-12 13.25.02] {MEC_run_jobs_2.py:290} INFO - setParmMaster OnUGlobalScen.HoNhpArla to 0
[23-maj-12 13.25.02] {MEC_run_jobs_2.py:290} INFO - setParmMaster OnUGlobalScen.HoNhpArla2 to 0
[23-maj-12 13.25.02] {MEC_run_jobs_2.py:290} INFO - setParmMaster OnUGlobalScen.HoNhpBirn to 0
[23-maj-12 13.25.02] {MEC_run_jobs_2.py:290} INFO - setParmMaster OnUGlobalScen.MaNhpPtX to 0
[23-maj-12 13.25.02] {MEC_run_jobs_2.py:290} INFO - setParmMaster OnUGlobalScen.MaNBk to 1
[23-maj-12 13.25.02] {MEC_run_jobs_2.py:740} CRITICAL - 
Exception occurred in MEC_run_jobs_2
ex=AttributeError("'str' object has no attribute 'contains'")
Traceback (most recent call last):
  File "C:\GitHub\23-1002 MEC FF\Python\MEC_run_jobs_2.py", line 593, in <module>
    if scenId.contains('u10'):
AttributeError: 'str' object has no attribute 'contains'
[23-maj-12 13.25.03] {MEClib.py:68} INFO - Closing log file.
[23-maj-12 13.27.40] {MEC_run_jobs_2.py:462} INFO - Starting MEC_run_jobs_2 ...
[23-maj-12 13.27.40] {MEC_run_jobs_2.py:515} WARNING - Validation mode - only creating input files
[23-maj-12 13.27.40] {MEC_run_jobs_2.py:525} INFO - Creating CoreData instance for Scen_m11s01u00r00f00 ...
[23-maj-12 13.27.40] {MEC_run_jobs_2.py:170} INFO - Copying input files to C:\GitHub\23-1002 MEC FF\INVOPT\WorkDir\Scen_m11s01u00r00f00 ...
[23-maj-12 13.27.40] {MEC_run_jobs_2.py:173} INFO - Removing files from working directory: C:\GitHub\23-1002 MEC FF\INVOPT\WorkDir\Scen_m11s01u00r00f00
[23-maj-12 13.27.45] {MEC_run_jobs_2.py:235} INFO - Reading scenarios from MECKapacInput.xlsb ...
[23-maj-12 13.27.46] {MEC_run_jobs_2.py:530} INFO - Modifying Excel input file for Scen_m11s01u00r00f00 ...
[23-maj-12 13.27.46] {MEC_run_jobs_2.py:290} INFO - setParmMaster Scenarios.ScenarioID to 1101000000
[23-maj-12 13.27.46] {MEC_run_jobs_2.py:290} INFO - setParmMaster Scenarios.PeriodFirst to 7
[23-maj-12 13.27.46] {MEC_run_jobs_2.py:290} INFO - setParmMaster Scenarios.PeriodLast to 13
[23-maj-12 13.27.46] {MEC_run_jobs_2.py:290} INFO - setParmMaster Scenarios.DurationPeriod to 8760
[23-maj-12 13.27.46] {MEC_run_jobs_2.py:290} INFO - setParmMaster Scenarios.LenRollHorizonOverhang to 10
[23-maj-12 13.27.46] {MEC_run_jobs_2.py:290} INFO - setParmMaster Scenarios.OnDuplicatePeriods to 0
[23-maj-12 13.27.46] {MEC_run_jobs_2.py:290} INFO - setParmMaster Scenarios.OnTimeAggr to 4
[23-maj-12 13.27.46] {MEC_run_jobs_2.py:290} INFO - setParmMaster Scenarios.MasterIterMax to 2
[23-maj-12 13.27.46] {MEC_run_jobs_2.py:290} INFO - setParmMaster Scenarios.AlfaVersion to 5
[23-maj-12 13.27.46] {MEC_run_jobs_2.py:290} INFO - setParmMaster OnUGlobalScen.MaAff1 to 1
[23-maj-12 13.27.46] {MEC_run_jobs_2.py:290} INFO - setParmMaster OnUGlobalScen.MaAff2 to 1
[23-maj-12 13.27.46] {MEC_run_jobs_2.py:290} INFO - setParmMaster OnUGlobalScen.MaBio to 1
[23-maj-12 13.27.46] {MEC_run_jobs_2.py:290} INFO - setParmMaster OnUGlobalScen.HoNhpAir to 0
[23-maj-12 13.27.46] {MEC_run_jobs_2.py:290} INFO - setParmMaster OnUGlobalScen.HoNhpSew to 0
[23-maj-12 13.27.46] {MEC_run_jobs_2.py:290} INFO - setParmMaster OnUGlobalScen.HoNEk to 0
[23-maj-12 13.27.46] {MEC_run_jobs_2.py:290} INFO - setParmMaster OnUGlobalScen.StNhpAir to 0
[23-maj-12 13.27.46] {MEC_run_jobs_2.py:290} INFO - setParmMaster OnUGlobalScen.StNhpSea to 0
[23-maj-12 13.27.46] {MEC_run_jobs_2.py:290} INFO - setParmMaster OnUGlobalScen.StNhpSew to 0
[23-maj-12 13.27.46] {MEC_run_jobs_2.py:290} INFO - setParmMaster OnUGlobalScen.StNFlis to 0
[23-maj-12 13.27.46] {MEC_run_jobs_2.py:290} INFO - setParmMaster OnUGlobalScen.MaNAff to 0
[23-maj-12 13.27.46] {MEC_run_jobs_2.py:290} INFO - setParmMaster OnUGlobalScen.MaNBk to 0
[23-maj-12 13.27.46] {MEC_run_jobs_2.py:290} INFO - setParmMaster OnUGlobalScen.HoNhpArla to 0
[23-maj-12 13.27.46] {MEC_run_jobs_2.py:290} INFO - setParmMaster OnUGlobalScen.HoNhpArla2 to 0
[23-maj-12 13.27.46] {MEC_run_jobs_2.py:290} INFO - setParmMaster OnUGlobalScen.HoNhpBirn to 0
[23-maj-12 13.27.46] {MEC_run_jobs_2.py:290} INFO - setParmMaster OnUGlobalScen.MaNhpPtX to 0
[23-maj-12 13.27.51] {MEC_run_jobs_2.py:688} INFO - Spawning process for Scen_m11s01u00r00f00 job ...
[23-maj-12 13.27.51] {MEC_run_jobs_2.py:525} INFO - Creating CoreData instance for Scen_m11s02u10r00f00 ...
[23-maj-12 13.27.51] {MEC_run_jobs_2.py:170} INFO - Copying input files to C:\GitHub\23-1002 MEC FF\INVOPT\WorkDir\Scen_m11s02u10r00f00 ...
[23-maj-12 13.27.51] {MEC_run_jobs_2.py:173} INFO - Removing files from working directory: C:\GitHub\23-1002 MEC FF\INVOPT\WorkDir\Scen_m11s02u10r00f00
[23-maj-12 13.27.56] {MEC_run_jobs_2.py:235} INFO - Reading scenarios from MECKapacInput.xlsb ...
[23-maj-12 13.27.56] {MEC_run_jobs_2.py:530} INFO - Modifying Excel input file for Scen_m11s02u10r00f00 ...
[23-maj-12 13.27.56] {pyplot.py:339} DEBUG - Loaded backend qtagg version 5.15.7.
[23-maj-12 13.38.41] {MEC_run_jobs_2.py:290} INFO - setParmMaster Scenarios.ScenarioID to 1102100000
[23-maj-12 13.38.41] {MEC_run_jobs_2.py:290} INFO - setParmMaster Scenarios.PeriodFirst to 7
[23-maj-12 13.38.41] {MEC_run_jobs_2.py:290} INFO - setParmMaster Scenarios.PeriodLast to 17
[23-maj-12 13.38.41] {MEC_run_jobs_2.py:290} INFO - setParmMaster Scenarios.DurationPeriod to 8760
[23-maj-12 13.38.41] {MEC_run_jobs_2.py:290} INFO - setParmMaster Scenarios.LenRollHorizonOverhang to 10
[23-maj-12 13.38.41] {MEC_run_jobs_2.py:290} INFO - setParmMaster Scenarios.OnDuplicatePeriods to 0
[23-maj-12 13.38.41] {MEC_run_jobs_2.py:290} INFO - setParmMaster Scenarios.OnTimeAggr to 4
[23-maj-12 13.38.41] {MEC_run_jobs_2.py:290} INFO - setParmMaster Scenarios.MasterIterMax to 15
[23-maj-12 13.38.41] {MEC_run_jobs_2.py:290} INFO - setParmMaster Scenarios.AlfaVersion to 5
[23-maj-12 13.38.41] {MEC_run_jobs_2.py:290} INFO - setParmMaster OnUGlobalScen.MaAff1 to 1
[23-maj-12 13.38.41] {MEC_run_jobs_2.py:290} INFO - setParmMaster OnUGlobalScen.MaAff2 to 1
[23-maj-12 13.38.41] {MEC_run_jobs_2.py:290} INFO - setParmMaster OnUGlobalScen.MaBio to 1
[23-maj-12 13.38.41] {MEC_run_jobs_2.py:290} INFO - setParmMaster OnUGlobalScen.HoNhpAir to 0
[23-maj-12 13.38.41] {MEC_run_jobs_2.py:290} INFO - setParmMaster OnUGlobalScen.HoNhpSew to 0
[23-maj-12 13.38.41] {MEC_run_jobs_2.py:290} INFO - setParmMaster OnUGlobalScen.HoNEk to 0
[23-maj-12 13.38.41] {MEC_run_jobs_2.py:290} INFO - setParmMaster OnUGlobalScen.StNhpAir to 0
[23-maj-12 13.38.41] {MEC_run_jobs_2.py:290} INFO - setParmMaster OnUGlobalScen.StNhpSea to 0
[23-maj-12 13.38.41] {MEC_run_jobs_2.py:290} INFO - setParmMaster OnUGlobalScen.StNhpSew to 0
[23-maj-12 13.38.41] {MEC_run_jobs_2.py:290} INFO - setParmMaster OnUGlobalScen.StNFlis to 0
[23-maj-12 13.38.41] {MEC_run_jobs_2.py:290} INFO - setParmMaster OnUGlobalScen.MaNAff to 0
[23-maj-12 13.38.41] {MEC_run_jobs_2.py:290} INFO - setParmMaster OnUGlobalScen.MaNBk to 0
[23-maj-12 13.38.41] {MEC_run_jobs_2.py:290} INFO - setParmMaster OnUGlobalScen.HoNhpArla to 0
[23-maj-12 13.38.41] {MEC_run_jobs_2.py:290} INFO - setParmMaster OnUGlobalScen.HoNhpArla2 to 0
[23-maj-12 13.38.41] {MEC_run_jobs_2.py:290} INFO - setParmMaster OnUGlobalScen.HoNhpBirn to 0
[23-maj-12 13.38.41] {MEC_run_jobs_2.py:290} INFO - setParmMaster OnUGlobalScen.MaNhpPtX to 0
[23-maj-12 13.38.41] {MEC_run_jobs_2.py:290} INFO - setParmMaster OnUGlobalScen.MaNBk to 1
[23-maj-12 13.38.47] {MEC_run_jobs_2.py:317} INFO - setParm CapUMaxPer.MaNBk to [25. 25. 25. 25. 25. 25. 25. 25. 25. 25. 25.]
[23-maj-12 13.38.58] {MEC_run_jobs_2.py:688} INFO - Spawning process for Scen_m11s02u10r00f00 job ...
[23-maj-12 13.38.58] {MEC_run_jobs_2.py:525} INFO - Creating CoreData instance for Scen_m11s02u11r00f00 ...
[23-maj-12 13.38.58] {MEC_run_jobs_2.py:170} INFO - Copying input files to C:\GitHub\23-1002 MEC FF\INVOPT\WorkDir\Scen_m11s02u11r00f00 ...
[23-maj-12 13.38.58] {MEC_run_jobs_2.py:181} INFO - Creating working directory: C:\GitHub\23-1002 MEC FF\INVOPT\WorkDir\Scen_m11s02u11r00f00
[23-maj-12 13.39.04] {MEC_run_jobs_2.py:235} INFO - Reading scenarios from MECKapacInput.xlsb ...
[23-maj-12 13.39.04] {MEC_run_jobs_2.py:530} INFO - Modifying Excel input file for Scen_m11s02u11r00f00 ...
[23-maj-12 13.39.16] {MEC_run_jobs_2.py:290} INFO - setParmMaster Scenarios.ScenarioID to 1102110000
[23-maj-12 13.39.16] {MEC_run_jobs_2.py:290} INFO - setParmMaster Scenarios.PeriodFirst to 7
[23-maj-12 13.39.16] {MEC_run_jobs_2.py:290} INFO - setParmMaster Scenarios.PeriodLast to 17
[23-maj-12 13.39.16] {MEC_run_jobs_2.py:290} INFO - setParmMaster Scenarios.DurationPeriod to 8760
[23-maj-12 13.39.16] {MEC_run_jobs_2.py:290} INFO - setParmMaster Scenarios.LenRollHorizonOverhang to 10
[23-maj-12 13.39.16] {MEC_run_jobs_2.py:290} INFO - setParmMaster Scenarios.OnDuplicatePeriods to 0
[23-maj-12 13.39.16] {MEC_run_jobs_2.py:290} INFO - setParmMaster Scenarios.OnTimeAggr to 4
[23-maj-12 13.39.16] {MEC_run_jobs_2.py:290} INFO - setParmMaster Scenarios.MasterIterMax to 15
[23-maj-12 13.39.16] {MEC_run_jobs_2.py:290} INFO - setParmMaster Scenarios.AlfaVersion to 5
[23-maj-12 13.39.17] {MEC_run_jobs_2.py:290} INFO - setParmMaster OnUGlobalScen.MaAff1 to 1
[23-maj-12 13.39.17] {MEC_run_jobs_2.py:290} INFO - setParmMaster OnUGlobalScen.MaAff2 to 1
[23-maj-12 13.39.17] {MEC_run_jobs_2.py:290} INFO - setParmMaster OnUGlobalScen.MaBio to 1
[23-maj-12 13.39.17] {MEC_run_jobs_2.py:290} INFO - setParmMaster OnUGlobalScen.HoNhpAir to 0
[23-maj-12 13.39.17] {MEC_run_jobs_2.py:290} INFO - setParmMaster OnUGlobalScen.HoNhpSew to 0
[23-maj-12 13.39.17] {MEC_run_jobs_2.py:290} INFO - setParmMaster OnUGlobalScen.HoNEk to 0
[23-maj-12 13.39.17] {MEC_run_jobs_2.py:290} INFO - setParmMaster OnUGlobalScen.StNhpAir to 0
[23-maj-12 13.39.17] {MEC_run_jobs_2.py:290} INFO - setParmMaster OnUGlobalScen.StNhpSea to 0
[23-maj-12 13.39.17] {MEC_run_jobs_2.py:290} INFO - setParmMaster OnUGlobalScen.StNhpSew to 0
[23-maj-12 13.39.17] {MEC_run_jobs_2.py:290} INFO - setParmMaster OnUGlobalScen.StNFlis to 0
[23-maj-12 13.39.17] {MEC_run_jobs_2.py:290} INFO - setParmMaster OnUGlobalScen.MaNAff to 0
[23-maj-12 13.39.17] {MEC_run_jobs_2.py:290} INFO - setParmMaster OnUGlobalScen.MaNBk to 0
[23-maj-12 13.39.17] {MEC_run_jobs_2.py:290} INFO - setParmMaster OnUGlobalScen.HoNhpArla to 0
[23-maj-12 13.39.17] {MEC_run_jobs_2.py:290} INFO - setParmMaster OnUGlobalScen.HoNhpArla2 to 0
[23-maj-12 13.39.17] {MEC_run_jobs_2.py:290} INFO - setParmMaster OnUGlobalScen.HoNhpBirn to 0
[23-maj-12 13.39.17] {MEC_run_jobs_2.py:290} INFO - setParmMaster OnUGlobalScen.MaNhpPtX to 0
[23-maj-12 13.39.17] {MEC_run_jobs_2.py:290} INFO - setParmMaster OnUGlobalScen.MaNBk to 1
[23-maj-12 13.39.20] {MEC_run_jobs_2.py:290} INFO - setParmMaster OnUGlobalScen.MaAff2 to 0
[23-maj-12 13.39.22] {MEC_run_jobs_2.py:317} INFO - setParm CapUMaxPer.MaNBk to [50. 50. 50. 50. 50. 50. 50. 50. 50. 50. 50.]
[23-maj-12 13.39.28] {MEC_run_jobs_2.py:688} INFO - Spawning process for Scen_m11s02u11r00f00 job ...
[23-maj-12 13.39.28] {MEC_run_jobs_2.py:525} INFO - Creating CoreData instance for Scen_m11s02u12r00f00 ...
[23-maj-12 13.39.28] {MEC_run_jobs_2.py:170} INFO - Copying input files to C:\GitHub\23-1002 MEC FF\INVOPT\WorkDir\Scen_m11s02u12r00f00 ...
[23-maj-12 13.39.28] {MEC_run_jobs_2.py:181} INFO - Creating working directory: C:\GitHub\23-1002 MEC FF\INVOPT\WorkDir\Scen_m11s02u12r00f00
[23-maj-12 13.39.33] {MEC_run_jobs_2.py:235} INFO - Reading scenarios from MECKapacInput.xlsb ...
[23-maj-12 13.39.33] {MEC_run_jobs_2.py:530} INFO - Modifying Excel input file for Scen_m11s02u12r00f00 ...
[23-maj-12 13.42.33] {MEC_run_jobs_2.py:290} INFO - setParmMaster Scenarios.ScenarioID to 1102120000
[23-maj-12 13.42.33] {MEC_run_jobs_2.py:290} INFO - setParmMaster Scenarios.PeriodFirst to 7
[23-maj-12 13.42.34] {MEC_run_jobs_2.py:290} INFO - setParmMaster Scenarios.PeriodLast to 17
[23-maj-12 13.42.34] {MEC_run_jobs_2.py:290} INFO - setParmMaster Scenarios.DurationPeriod to 8760
[23-maj-12 13.42.34] {MEC_run_jobs_2.py:290} INFO - setParmMaster Scenarios.LenRollHorizonOverhang to 10
[23-maj-12 13.42.34] {MEC_run_jobs_2.py:290} INFO - setParmMaster Scenarios.OnDuplicatePeriods to 0
[23-maj-12 13.42.34] {MEC_run_jobs_2.py:290} INFO - setParmMaster Scenarios.OnTimeAggr to 4
[23-maj-12 13.42.34] {MEC_run_jobs_2.py:290} INFO - setParmMaster Scenarios.MasterIterMax to 15
[23-maj-12 13.42.34] {MEC_run_jobs_2.py:290} INFO - setParmMaster Scenarios.AlfaVersion to 5
[23-maj-12 13.42.34] {MEC_run_jobs_2.py:290} INFO - setParmMaster OnUGlobalScen.MaAff1 to 1
[23-maj-12 13.42.34] {MEC_run_jobs_2.py:290} INFO - setParmMaster OnUGlobalScen.MaAff2 to 1
[23-maj-12 13.42.34] {MEC_run_jobs_2.py:290} INFO - setParmMaster OnUGlobalScen.MaBio to 1
[23-maj-12 13.42.34] {MEC_run_jobs_2.py:290} INFO - setParmMaster OnUGlobalScen.HoNhpAir to 0
[23-maj-12 13.42.34] {MEC_run_jobs_2.py:290} INFO - setParmMaster OnUGlobalScen.HoNhpSew to 0
[23-maj-12 13.42.34] {MEC_run_jobs_2.py:290} INFO - setParmMaster OnUGlobalScen.HoNEk to 0
[23-maj-12 13.42.34] {MEC_run_jobs_2.py:290} INFO - setParmMaster OnUGlobalScen.StNhpAir to 0
[23-maj-12 13.42.34] {MEC_run_jobs_2.py:290} INFO - setParmMaster OnUGlobalScen.StNhpSea to 0
[23-maj-12 13.42.34] {MEC_run_jobs_2.py:290} INFO - setParmMaster OnUGlobalScen.StNhpSew to 0
[23-maj-12 13.42.34] {MEC_run_jobs_2.py:290} INFO - setParmMaster OnUGlobalScen.StNFlis to 0
[23-maj-12 13.42.34] {MEC_run_jobs_2.py:290} INFO - setParmMaster OnUGlobalScen.MaNAff to 0
[23-maj-12 13.42.34] {MEC_run_jobs_2.py:290} INFO - setParmMaster OnUGlobalScen.MaNBk to 0
[23-maj-12 13.42.34] {MEC_run_jobs_2.py:290} INFO - setParmMaster OnUGlobalScen.HoNhpArla to 0
[23-maj-12 13.42.34] {MEC_run_jobs_2.py:290} INFO - setParmMaster OnUGlobalScen.HoNhpArla2 to 0
[23-maj-12 13.42.34] {MEC_run_jobs_2.py:290} INFO - setParmMaster OnUGlobalScen.HoNhpBirn to 0
[23-maj-12 13.42.34] {MEC_run_jobs_2.py:290} INFO - setParmMaster OnUGlobalScen.MaNhpPtX to 0
[23-maj-12 13.42.34] {MEC_run_jobs_2.py:290} INFO - setParmMaster OnUGlobalScen.MaNBk to 1
[23-maj-12 13.42.35] {MEC_run_jobs_2.py:290} INFO - setParmMaster OnUGlobalScen.MaAff1 to 0
[23-maj-12 13.42.36] {MEC_run_jobs_2.py:290} INFO - setParmMaster OnUGlobalScen.MaAff2 to 0
[23-maj-12 13.42.40] {MEC_run_jobs_2.py:317} INFO - setParm CapUMaxPer.MaNBk to [70. 70. 70. 70. 70. 70. 70. 70. 70. 70. 70.]
[23-maj-12 13.42.46] {MEC_run_jobs_2.py:688} INFO - Spawning process for Scen_m11s02u12r00f00 job ...
[23-maj-12 13.42.46] {MEC_run_jobs_2.py:525} INFO - Creating CoreData instance for Scen_m11s02u20r00f00 ...
[23-maj-12 13.42.46] {MEC_run_jobs_2.py:170} INFO - Copying input files to C:\GitHub\23-1002 MEC FF\INVOPT\WorkDir\Scen_m11s02u20r00f00 ...
[23-maj-12 13.42.46] {MEC_run_jobs_2.py:181} INFO - Creating working directory: C:\GitHub\23-1002 MEC FF\INVOPT\WorkDir\Scen_m11s02u20r00f00
[23-maj-12 13.42.50] {MEC_run_jobs_2.py:235} INFO - Reading scenarios from MECKapacInput.xlsb ...
[23-maj-12 13.42.51] {MEC_run_jobs_2.py:530} INFO - Modifying Excel input file for Scen_m11s02u20r00f00 ...
[23-maj-12 13.43.14] {MEC_run_jobs_2.py:290} INFO - setParmMaster Scenarios.ScenarioID to 1102200000
[23-maj-12 13.43.14] {MEC_run_jobs_2.py:290} INFO - setParmMaster Scenarios.PeriodFirst to 7
[23-maj-12 13.43.14] {MEC_run_jobs_2.py:290} INFO - setParmMaster Scenarios.PeriodLast to 17
[23-maj-12 13.43.14] {MEC_run_jobs_2.py:290} INFO - setParmMaster Scenarios.DurationPeriod to 8760
[23-maj-12 13.43.14] {MEC_run_jobs_2.py:290} INFO - setParmMaster Scenarios.LenRollHorizonOverhang to 10
[23-maj-12 13.43.14] {MEC_run_jobs_2.py:290} INFO - setParmMaster Scenarios.OnDuplicatePeriods to 0
[23-maj-12 13.43.14] {MEC_run_jobs_2.py:290} INFO - setParmMaster Scenarios.OnTimeAggr to 4
[23-maj-12 13.43.14] {MEC_run_jobs_2.py:290} INFO - setParmMaster Scenarios.MasterIterMax to 15
[23-maj-12 13.43.14] {MEC_run_jobs_2.py:290} INFO - setParmMaster Scenarios.AlfaVersion to 5
[23-maj-12 13.43.14] {MEC_run_jobs_2.py:290} INFO - setParmMaster OnUGlobalScen.MaAff1 to 1
[23-maj-12 13.43.14] {MEC_run_jobs_2.py:290} INFO - setParmMaster OnUGlobalScen.MaAff2 to 1
[23-maj-12 13.43.14] {MEC_run_jobs_2.py:290} INFO - setParmMaster OnUGlobalScen.MaBio to 1
[23-maj-12 13.43.14] {MEC_run_jobs_2.py:290} INFO - setParmMaster OnUGlobalScen.HoNhpAir to 1
[23-maj-12 13.43.14] {MEC_run_jobs_2.py:290} INFO - setParmMaster OnUGlobalScen.HoNhpSew to 1
[23-maj-12 13.43.14] {MEC_run_jobs_2.py:290} INFO - setParmMaster OnUGlobalScen.HoNEk to 1
[23-maj-12 13.43.14] {MEC_run_jobs_2.py:290} INFO - setParmMaster OnUGlobalScen.StNhpAir to 1
[23-maj-12 13.43.14] {MEC_run_jobs_2.py:290} INFO - setParmMaster OnUGlobalScen.StNhpSea to 1
[23-maj-12 13.43.14] {MEC_run_jobs_2.py:290} INFO - setParmMaster OnUGlobalScen.StNhpSew to 1
[23-maj-12 13.43.14] {MEC_run_jobs_2.py:290} INFO - setParmMaster OnUGlobalScen.StNFlis to 1
[23-maj-12 13.43.14] {MEC_run_jobs_2.py:290} INFO - setParmMaster OnUGlobalScen.MaNAff to 1
[23-maj-12 13.43.14] {MEC_run_jobs_2.py:290} INFO - setParmMaster OnUGlobalScen.MaNBk to 1
[23-maj-12 13.43.14] {MEC_run_jobs_2.py:290} INFO - setParmMaster OnUGlobalScen.HoNhpArla to 0
[23-maj-12 13.43.14] {MEC_run_jobs_2.py:290} INFO - setParmMaster OnUGlobalScen.HoNhpArla2 to 0
[23-maj-12 13.43.14] {MEC_run_jobs_2.py:290} INFO - setParmMaster OnUGlobalScen.HoNhpBirn to 0
[23-maj-12 13.43.14] {MEC_run_jobs_2.py:290} INFO - setParmMaster OnUGlobalScen.MaNhpPtX to 0
[23-maj-12 13.43.14] {MEC_run_jobs_2.py:290} INFO - setParmMaster OnUGlobalScen.StNhpSea to 0
[23-maj-12 13.43.14] {MEC_run_jobs_2.py:290} INFO - setParmMaster OnUGlobalScen.MaNAff to 0
[23-maj-12 13.43.19] {MEC_run_jobs_2.py:688} INFO - Spawning process for Scen_m11s02u20r00f00 job ...
[23-maj-12 13.43.19] {MEC_run_jobs_2.py:525} INFO - Creating CoreData instance for Scen_m11s02u21r00f00 ...
[23-maj-12 13.43.19] {MEC_run_jobs_2.py:170} INFO - Copying input files to C:\GitHub\23-1002 MEC FF\INVOPT\WorkDir\Scen_m11s02u21r00f00 ...
[23-maj-12 13.43.19] {MEC_run_jobs_2.py:181} INFO - Creating working directory: C:\GitHub\23-1002 MEC FF\INVOPT\WorkDir\Scen_m11s02u21r00f00
[23-maj-12 13.43.24] {MEC_run_jobs_2.py:235} INFO - Reading scenarios from MECKapacInput.xlsb ...
[23-maj-12 13.43.24] {MEC_run_jobs_2.py:530} INFO - Modifying Excel input file for Scen_m11s02u21r00f00 ...
[23-maj-12 13.43.28] {MEC_run_jobs_2.py:290} INFO - setParmMaster Scenarios.ScenarioID to 1102210000
[23-maj-12 13.43.28] {MEC_run_jobs_2.py:290} INFO - setParmMaster Scenarios.PeriodFirst to 7
[23-maj-12 13.43.28] {MEC_run_jobs_2.py:290} INFO - setParmMaster Scenarios.PeriodLast to 17
[23-maj-12 13.43.28] {MEC_run_jobs_2.py:290} INFO - setParmMaster Scenarios.DurationPeriod to 8760
[23-maj-12 13.43.28] {MEC_run_jobs_2.py:290} INFO - setParmMaster Scenarios.LenRollHorizonOverhang to 10
[23-maj-12 13.43.28] {MEC_run_jobs_2.py:290} INFO - setParmMaster Scenarios.OnDuplicatePeriods to 0
[23-maj-12 13.43.28] {MEC_run_jobs_2.py:290} INFO - setParmMaster Scenarios.OnTimeAggr to 4
[23-maj-12 13.43.28] {MEC_run_jobs_2.py:290} INFO - setParmMaster Scenarios.MasterIterMax to 15
[23-maj-12 13.43.28] {MEC_run_jobs_2.py:290} INFO - setParmMaster Scenarios.AlfaVersion to 5
[23-maj-12 13.43.28] {MEC_run_jobs_2.py:290} INFO - setParmMaster OnUGlobalScen.MaAff1 to 1
[23-maj-12 13.43.28] {MEC_run_jobs_2.py:290} INFO - setParmMaster OnUGlobalScen.MaAff2 to 1
[23-maj-12 13.43.28] {MEC_run_jobs_2.py:290} INFO - setParmMaster OnUGlobalScen.MaBio to 1
[23-maj-12 13.43.28] {MEC_run_jobs_2.py:290} INFO - setParmMaster OnUGlobalScen.HoNhpAir to 1
[23-maj-12 13.43.28] {MEC_run_jobs_2.py:290} INFO - setParmMaster OnUGlobalScen.HoNhpSew to 1
[23-maj-12 13.43.28] {MEC_run_jobs_2.py:290} INFO - setParmMaster OnUGlobalScen.HoNEk to 1
[23-maj-12 13.43.28] {MEC_run_jobs_2.py:290} INFO - setParmMaster OnUGlobalScen.StNhpAir to 1
[23-maj-12 13.43.28] {MEC_run_jobs_2.py:290} INFO - setParmMaster OnUGlobalScen.StNhpSea to 1
[23-maj-12 13.43.28] {MEC_run_jobs_2.py:290} INFO - setParmMaster OnUGlobalScen.StNhpSew to 1
[23-maj-12 13.43.28] {MEC_run_jobs_2.py:290} INFO - setParmMaster OnUGlobalScen.StNFlis to 1
[23-maj-12 13.43.28] {MEC_run_jobs_2.py:290} INFO - setParmMaster OnUGlobalScen.MaNAff to 1
[23-maj-12 13.43.28] {MEC_run_jobs_2.py:290} INFO - setParmMaster OnUGlobalScen.MaNBk to 1
[23-maj-12 13.43.28] {MEC_run_jobs_2.py:290} INFO - setParmMaster OnUGlobalScen.HoNhpArla to 0
[23-maj-12 13.43.28] {MEC_run_jobs_2.py:290} INFO - setParmMaster OnUGlobalScen.HoNhpArla2 to 0
[23-maj-12 13.43.28] {MEC_run_jobs_2.py:290} INFO - setParmMaster OnUGlobalScen.HoNhpBirn to 0
[23-maj-12 13.43.28] {MEC_run_jobs_2.py:290} INFO - setParmMaster OnUGlobalScen.MaNhpPtX to 0
[23-maj-12 13.43.28] {MEC_run_jobs_2.py:290} INFO - setParmMaster OnUGlobalScen.StNhpSea to 0
[23-maj-12 13.43.28] {MEC_run_jobs_2.py:290} INFO - setParmMaster OnUGlobalScen.MaNAff to 0
[23-maj-12 13.43.30] {MEC_run_jobs_2.py:290} INFO - setParmMaster OnUGlobalScen.MaAff2 to 0
[23-maj-12 13.43.34] {MEC_run_jobs_2.py:688} INFO - Spawning process for Scen_m11s02u21r00f00 job ...
[23-maj-12 13.43.34] {MEC_run_jobs_2.py:525} INFO - Creating CoreData instance for Scen_m11s02u22r00f00 ...
[23-maj-12 13.43.34] {MEC_run_jobs_2.py:170} INFO - Copying input files to C:\GitHub\23-1002 MEC FF\INVOPT\WorkDir\Scen_m11s02u22r00f00 ...
[23-maj-12 13.43.34] {MEC_run_jobs_2.py:181} INFO - Creating working directory: C:\GitHub\23-1002 MEC FF\INVOPT\WorkDir\Scen_m11s02u22r00f00
[23-maj-12 13.43.39] {MEC_run_jobs_2.py:235} INFO - Reading scenarios from MECKapacInput.xlsb ...
[23-maj-12 13.43.39] {MEC_run_jobs_2.py:530} INFO - Modifying Excel input file for Scen_m11s02u22r00f00 ...
[23-maj-12 13.43.42] {MEC_run_jobs_2.py:290} INFO - setParmMaster Scenarios.ScenarioID to 1102220000
[23-maj-12 13.43.42] {MEC_run_jobs_2.py:290} INFO - setParmMaster Scenarios.PeriodFirst to 7
[23-maj-12 13.43.43] {MEC_run_jobs_2.py:290} INFO - setParmMaster Scenarios.PeriodLast to 17
[23-maj-12 13.43.43] {MEC_run_jobs_2.py:290} INFO - setParmMaster Scenarios.DurationPeriod to 8760
[23-maj-12 13.43.43] {MEC_run_jobs_2.py:290} INFO - setParmMaster Scenarios.LenRollHorizonOverhang to 10
[23-maj-12 13.43.43] {MEC_run_jobs_2.py:290} INFO - setParmMaster Scenarios.OnDuplicatePeriods to 0
[23-maj-12 13.43.43] {MEC_run_jobs_2.py:290} INFO - setParmMaster Scenarios.OnTimeAggr to 4
[23-maj-12 13.43.43] {MEC_run_jobs_2.py:290} INFO - setParmMaster Scenarios.MasterIterMax to 15
[23-maj-12 13.43.43] {MEC_run_jobs_2.py:290} INFO - setParmMaster Scenarios.AlfaVersion to 5
[23-maj-12 13.43.43] {MEC_run_jobs_2.py:290} INFO - setParmMaster OnUGlobalScen.MaAff1 to 1
[23-maj-12 13.43.43] {MEC_run_jobs_2.py:290} INFO - setParmMaster OnUGlobalScen.MaAff2 to 1
[23-maj-12 13.43.43] {MEC_run_jobs_2.py:290} INFO - setParmMaster OnUGlobalScen.MaBio to 1
[23-maj-12 13.43.43] {MEC_run_jobs_2.py:290} INFO - setParmMaster OnUGlobalScen.HoNhpAir to 1
[23-maj-12 13.43.43] {MEC_run_jobs_2.py:290} INFO - setParmMaster OnUGlobalScen.HoNhpSew to 1
[23-maj-12 13.43.43] {MEC_run_jobs_2.py:290} INFO - setParmMaster OnUGlobalScen.HoNEk to 1
[23-maj-12 13.43.43] {MEC_run_jobs_2.py:290} INFO - setParmMaster OnUGlobalScen.StNhpAir to 1
[23-maj-12 13.43.43] {MEC_run_jobs_2.py:290} INFO - setParmMaster OnUGlobalScen.StNhpSea to 1
[23-maj-12 13.43.43] {MEC_run_jobs_2.py:290} INFO - setParmMaster OnUGlobalScen.StNhpSew to 1
[23-maj-12 13.43.43] {MEC_run_jobs_2.py:290} INFO - setParmMaster OnUGlobalScen.StNFlis to 1
[23-maj-12 13.43.43] {MEC_run_jobs_2.py:290} INFO - setParmMaster OnUGlobalScen.MaNAff to 1
[23-maj-12 13.43.43] {MEC_run_jobs_2.py:290} INFO - setParmMaster OnUGlobalScen.MaNBk to 1
[23-maj-12 13.43.43] {MEC_run_jobs_2.py:290} INFO - setParmMaster OnUGlobalScen.HoNhpArla to 0
[23-maj-12 13.43.43] {MEC_run_jobs_2.py:290} INFO - setParmMaster OnUGlobalScen.HoNhpArla2 to 0
[23-maj-12 13.43.43] {MEC_run_jobs_2.py:290} INFO - setParmMaster OnUGlobalScen.HoNhpBirn to 0
[23-maj-12 13.43.43] {MEC_run_jobs_2.py:290} INFO - setParmMaster OnUGlobalScen.MaNhpPtX to 0
[23-maj-12 13.43.43] {MEC_run_jobs_2.py:290} INFO - setParmMaster OnUGlobalScen.StNhpSea to 0
[23-maj-12 13.43.43] {MEC_run_jobs_2.py:290} INFO - setParmMaster OnUGlobalScen.MaNAff to 0
[23-maj-12 13.43.47] {MEC_run_jobs_2.py:290} INFO - setParmMaster OnUGlobalScen.MaAff1 to 0
[23-maj-12 13.43.48] {MEC_run_jobs_2.py:290} INFO - setParmMaster OnUGlobalScen.MaAff2 to 0
[23-maj-12 13.43.52] {MEC_run_jobs_2.py:688} INFO - Spawning process for Scen_m11s02u22r00f00 job ...
[23-maj-12 13.43.52] {MEC_run_jobs_2.py:525} INFO - Creating CoreData instance for Scen_m11s03u10r00f00 ...
[23-maj-12 13.43.52] {MEC_run_jobs_2.py:170} INFO - Copying input files to C:\GitHub\23-1002 MEC FF\INVOPT\WorkDir\Scen_m11s03u10r00f00 ...
[23-maj-12 13.43.52] {MEC_run_jobs_2.py:181} INFO - Creating working directory: C:\GitHub\23-1002 MEC FF\INVOPT\WorkDir\Scen_m11s03u10r00f00
[23-maj-12 13.43.57] {MEC_run_jobs_2.py:235} INFO - Reading scenarios from MECKapacInput.xlsb ...
[23-maj-12 13.43.58] {MEC_run_jobs_2.py:530} INFO - Modifying Excel input file for Scen_m11s03u10r00f00 ...
[23-maj-12 13.44.02] {MEC_run_jobs_2.py:290} INFO - setParmMaster Scenarios.ScenarioID to 1103100000
[23-maj-12 13.44.02] {MEC_run_jobs_2.py:290} INFO - setParmMaster Scenarios.PeriodFirst to 7
[23-maj-12 13.44.02] {MEC_run_jobs_2.py:290} INFO - setParmMaster Scenarios.PeriodLast to 17
[23-maj-12 13.44.02] {MEC_run_jobs_2.py:290} INFO - setParmMaster Scenarios.DurationPeriod to 8760
[23-maj-12 13.44.02] {MEC_run_jobs_2.py:290} INFO - setParmMaster Scenarios.LenRollHorizonOverhang to 10
[23-maj-12 13.44.02] {MEC_run_jobs_2.py:290} INFO - setParmMaster Scenarios.OnDuplicatePeriods to 0
[23-maj-12 13.44.02] {MEC_run_jobs_2.py:290} INFO - setParmMaster Scenarios.OnTimeAggr to 4
[23-maj-12 13.44.02] {MEC_run_jobs_2.py:290} INFO - setParmMaster Scenarios.MasterIterMax to 15
[23-maj-12 13.44.02] {MEC_run_jobs_2.py:290} INFO - setParmMaster Scenarios.AlfaVersion to 5
[23-maj-12 13.44.03] {MEC_run_jobs_2.py:290} INFO - setParmMaster OnUGlobalScen.MaAff1 to 1
[23-maj-12 13.44.03] {MEC_run_jobs_2.py:290} INFO - setParmMaster OnUGlobalScen.MaAff2 to 1
[23-maj-12 13.44.03] {MEC_run_jobs_2.py:290} INFO - setParmMaster OnUGlobalScen.MaBio to 1
[23-maj-12 13.44.03] {MEC_run_jobs_2.py:290} INFO - setParmMaster OnUGlobalScen.HoNhpAir to 0
[23-maj-12 13.44.03] {MEC_run_jobs_2.py:290} INFO - setParmMaster OnUGlobalScen.HoNhpSew to 0
[23-maj-12 13.44.03] {MEC_run_jobs_2.py:290} INFO - setParmMaster OnUGlobalScen.HoNEk to 0
[23-maj-12 13.44.03] {MEC_run_jobs_2.py:290} INFO - setParmMaster OnUGlobalScen.StNhpAir to 0
[23-maj-12 13.44.03] {MEC_run_jobs_2.py:290} INFO - setParmMaster OnUGlobalScen.StNhpSea to 0
[23-maj-12 13.44.03] {MEC_run_jobs_2.py:290} INFO - setParmMaster OnUGlobalScen.StNhpSew to 0
[23-maj-12 13.44.03] {MEC_run_jobs_2.py:290} INFO - setParmMaster OnUGlobalScen.StNFlis to 0
[23-maj-12 13.44.03] {MEC_run_jobs_2.py:290} INFO - setParmMaster OnUGlobalScen.MaNAff to 0
[23-maj-12 13.44.03] {MEC_run_jobs_2.py:290} INFO - setParmMaster OnUGlobalScen.MaNBk to 0
[23-maj-12 13.44.03] {MEC_run_jobs_2.py:290} INFO - setParmMaster OnUGlobalScen.HoNhpArla to 0
[23-maj-12 13.44.03] {MEC_run_jobs_2.py:290} INFO - setParmMaster OnUGlobalScen.HoNhpArla2 to 0
[23-maj-12 13.44.03] {MEC_run_jobs_2.py:290} INFO - setParmMaster OnUGlobalScen.HoNhpBirn to 0
[23-maj-12 13.44.03] {MEC_run_jobs_2.py:290} INFO - setParmMaster OnUGlobalScen.MaNhpPtX to 0
[23-maj-12 13.44.03] {MEC_run_jobs_2.py:290} INFO - setParmMaster OnUGlobalScen.MaNBk to 1
[23-maj-12 13.44.03] {MEC_run_jobs_2.py:290} INFO - setParmMaster OnUGlobalScen.HoNhpArla2 to 1
[23-maj-12 13.44.07] {MEC_run_jobs_2.py:688} INFO - Spawning process for Scen_m11s03u10r00f00 job ...
[23-maj-12 13.44.07] {MEC_run_jobs_2.py:525} INFO - Creating CoreData instance for Scen_m11s03u11r00f00 ...
[23-maj-12 13.44.07] {MEC_run_jobs_2.py:170} INFO - Copying input files to C:\GitHub\23-1002 MEC FF\INVOPT\WorkDir\Scen_m11s03u11r00f00 ...
[23-maj-12 13.44.07] {MEC_run_jobs_2.py:181} INFO - Creating working directory: C:\GitHub\23-1002 MEC FF\INVOPT\WorkDir\Scen_m11s03u11r00f00
[23-maj-12 13.44.12] {MEC_run_jobs_2.py:235} INFO - Reading scenarios from MECKapacInput.xlsb ...
[23-maj-12 13.44.12] {MEC_run_jobs_2.py:530} INFO - Modifying Excel input file for Scen_m11s03u11r00f00 ...
[23-maj-12 13.44.18] {MEC_run_jobs_2.py:290} INFO - setParmMaster Scenarios.ScenarioID to 1103110000
[23-maj-12 13.44.18] {MEC_run_jobs_2.py:290} INFO - setParmMaster Scenarios.PeriodFirst to 7
[23-maj-12 13.44.18] {MEC_run_jobs_2.py:290} INFO - setParmMaster Scenarios.PeriodLast to 17
[23-maj-12 13.44.18] {MEC_run_jobs_2.py:290} INFO - setParmMaster Scenarios.DurationPeriod to 8760
[23-maj-12 13.44.18] {MEC_run_jobs_2.py:290} INFO - setParmMaster Scenarios.LenRollHorizonOverhang to 10
[23-maj-12 13.44.18] {MEC_run_jobs_2.py:290} INFO - setParmMaster Scenarios.OnDuplicatePeriods to 0
[23-maj-12 13.44.18] {MEC_run_jobs_2.py:290} INFO - setParmMaster Scenarios.OnTimeAggr to 4
[23-maj-12 13.44.18] {MEC_run_jobs_2.py:290} INFO - setParmMaster Scenarios.MasterIterMax to 15
[23-maj-12 13.44.18] {MEC_run_jobs_2.py:290} INFO - setParmMaster Scenarios.AlfaVersion to 5
[23-maj-12 13.44.18] {MEC_run_jobs_2.py:290} INFO - setParmMaster OnUGlobalScen.MaAff1 to 1
[23-maj-12 13.44.18] {MEC_run_jobs_2.py:290} INFO - setParmMaster OnUGlobalScen.MaAff2 to 1
[23-maj-12 13.44.18] {MEC_run_jobs_2.py:290} INFO - setParmMaster OnUGlobalScen.MaBio to 1
[23-maj-12 13.44.18] {MEC_run_jobs_2.py:290} INFO - setParmMaster OnUGlobalScen.HoNhpAir to 0
[23-maj-12 13.44.18] {MEC_run_jobs_2.py:290} INFO - setParmMaster OnUGlobalScen.HoNhpSew to 0
[23-maj-12 13.44.18] {MEC_run_jobs_2.py:290} INFO - setParmMaster OnUGlobalScen.HoNEk to 0
[23-maj-12 13.44.18] {MEC_run_jobs_2.py:290} INFO - setParmMaster OnUGlobalScen.StNhpAir to 0
[23-maj-12 13.44.18] {MEC_run_jobs_2.py:290} INFO - setParmMaster OnUGlobalScen.StNhpSea to 0
[23-maj-12 13.44.18] {MEC_run_jobs_2.py:290} INFO - setParmMaster OnUGlobalScen.StNhpSew to 0
[23-maj-12 13.44.18] {MEC_run_jobs_2.py:290} INFO - setParmMaster OnUGlobalScen.StNFlis to 0
[23-maj-12 13.44.18] {MEC_run_jobs_2.py:290} INFO - setParmMaster OnUGlobalScen.MaNAff to 0
[23-maj-12 13.44.18] {MEC_run_jobs_2.py:290} INFO - setParmMaster OnUGlobalScen.MaNBk to 0
[23-maj-12 13.44.18] {MEC_run_jobs_2.py:290} INFO - setParmMaster OnUGlobalScen.HoNhpArla to 0
[23-maj-12 13.44.18] {MEC_run_jobs_2.py:290} INFO - setParmMaster OnUGlobalScen.HoNhpArla2 to 0
[23-maj-12 13.44.18] {MEC_run_jobs_2.py:290} INFO - setParmMaster OnUGlobalScen.HoNhpBirn to 0
[23-maj-12 13.44.18] {MEC_run_jobs_2.py:290} INFO - setParmMaster OnUGlobalScen.MaNhpPtX to 0
[23-maj-12 13.44.18] {MEC_run_jobs_2.py:290} INFO - setParmMaster OnUGlobalScen.MaNBk to 1
[23-maj-12 13.44.18] {MEC_run_jobs_2.py:290} INFO - setParmMaster OnUGlobalScen.HoNhpArla2 to 1
[23-maj-12 13.44.18] {MEC_run_jobs_2.py:290} INFO - setParmMaster OnUGlobalScen.MaAff2 to 0
[23-maj-12 13.44.22] {MEC_run_jobs_2.py:688} INFO - Spawning process for Scen_m11s03u11r00f00 job ...
[23-maj-12 13.44.22] {MEC_run_jobs_2.py:525} INFO - Creating CoreData instance for Scen_m11s03u12r00f00 ...
[23-maj-12 13.44.22] {MEC_run_jobs_2.py:170} INFO - Copying input files to C:\GitHub\23-1002 MEC FF\INVOPT\WorkDir\Scen_m11s03u12r00f00 ...
[23-maj-12 13.44.22] {MEC_run_jobs_2.py:181} INFO - Creating working directory: C:\GitHub\23-1002 MEC FF\INVOPT\WorkDir\Scen_m11s03u12r00f00
[23-maj-12 13.44.27] {MEC_run_jobs_2.py:235} INFO - Reading scenarios from MECKapacInput.xlsb ...
[23-maj-12 13.44.28] {MEC_run_jobs_2.py:530} INFO - Modifying Excel input file for Scen_m11s03u12r00f00 ...
[23-maj-12 13.44.28] {MEC_run_jobs_2.py:290} INFO - setParmMaster Scenarios.ScenarioID to 1103120000
[23-maj-12 13.44.28] {MEC_run_jobs_2.py:290} INFO - setParmMaster Scenarios.PeriodFirst to 7
[23-maj-12 13.44.28] {MEC_run_jobs_2.py:290} INFO - setParmMaster Scenarios.PeriodLast to 17
[23-maj-12 13.44.28] {MEC_run_jobs_2.py:290} INFO - setParmMaster Scenarios.DurationPeriod to 8760
[23-maj-12 13.44.28] {MEC_run_jobs_2.py:290} INFO - setParmMaster Scenarios.LenRollHorizonOverhang to 10
[23-maj-12 13.44.28] {MEC_run_jobs_2.py:290} INFO - setParmMaster Scenarios.OnDuplicatePeriods to 0
[23-maj-12 13.44.28] {MEC_run_jobs_2.py:290} INFO - setParmMaster Scenarios.OnTimeAggr to 4
[23-maj-12 13.44.28] {MEC_run_jobs_2.py:290} INFO - setParmMaster Scenarios.MasterIterMax to 15
[23-maj-12 13.44.28] {MEC_run_jobs_2.py:290} INFO - setParmMaster Scenarios.AlfaVersion to 5
[23-maj-12 13.44.28] {MEC_run_jobs_2.py:290} INFO - setParmMaster OnUGlobalScen.MaAff1 to 1
[23-maj-12 13.44.28] {MEC_run_jobs_2.py:290} INFO - setParmMaster OnUGlobalScen.MaAff2 to 1
[23-maj-12 13.44.28] {MEC_run_jobs_2.py:290} INFO - setParmMaster OnUGlobalScen.MaBio to 1
[23-maj-12 13.44.28] {MEC_run_jobs_2.py:290} INFO - setParmMaster OnUGlobalScen.HoNhpAir to 0
[23-maj-12 13.44.28] {MEC_run_jobs_2.py:290} INFO - setParmMaster OnUGlobalScen.HoNhpSew to 0
[23-maj-12 13.44.28] {MEC_run_jobs_2.py:290} INFO - setParmMaster OnUGlobalScen.HoNEk to 0
[23-maj-12 13.44.28] {MEC_run_jobs_2.py:290} INFO - setParmMaster OnUGlobalScen.StNhpAir to 0
[23-maj-12 13.44.28] {MEC_run_jobs_2.py:290} INFO - setParmMaster OnUGlobalScen.StNhpSea to 0
[23-maj-12 13.44.28] {MEC_run_jobs_2.py:290} INFO - setParmMaster OnUGlobalScen.StNhpSew to 0
[23-maj-12 13.44.28] {MEC_run_jobs_2.py:290} INFO - setParmMaster OnUGlobalScen.StNFlis to 0
[23-maj-12 13.44.28] {MEC_run_jobs_2.py:290} INFO - setParmMaster OnUGlobalScen.MaNAff to 0
[23-maj-12 13.44.28] {MEC_run_jobs_2.py:290} INFO - setParmMaster OnUGlobalScen.MaNBk to 0
[23-maj-12 13.44.28] {MEC_run_jobs_2.py:290} INFO - setParmMaster OnUGlobalScen.HoNhpArla to 0
[23-maj-12 13.44.28] {MEC_run_jobs_2.py:290} INFO - setParmMaster OnUGlobalScen.HoNhpArla2 to 0
[23-maj-12 13.44.28] {MEC_run_jobs_2.py:290} INFO - setParmMaster OnUGlobalScen.HoNhpBirn to 0
[23-maj-12 13.44.28] {MEC_run_jobs_2.py:290} INFO - setParmMaster OnUGlobalScen.MaNhpPtX to 0
[23-maj-12 13.44.28] {MEC_run_jobs_2.py:290} INFO - setParmMaster OnUGlobalScen.MaNBk to 1
[23-maj-12 13.44.28] {MEC_run_jobs_2.py:290} INFO - setParmMaster OnUGlobalScen.HoNhpArla2 to 1
[23-maj-12 13.44.28] {MEC_run_jobs_2.py:290} INFO - setParmMaster OnUGlobalScen.MaAff1 to 0
[23-maj-12 13.44.28] {MEC_run_jobs_2.py:290} INFO - setParmMaster OnUGlobalScen.MaAff2 to 0
[23-maj-12 13.44.32] {MEC_run_jobs_2.py:688} INFO - Spawning process for Scen_m11s03u12r00f00 job ...
[23-maj-12 13.44.32] {MEC_run_jobs_2.py:525} INFO - Creating CoreData instance for Scen_m11s03u20r00f00 ...
[23-maj-12 13.44.32] {MEC_run_jobs_2.py:170} INFO - Copying input files to C:\GitHub\23-1002 MEC FF\INVOPT\WorkDir\Scen_m11s03u20r00f00 ...
[23-maj-12 13.44.32] {MEC_run_jobs_2.py:181} INFO - Creating working directory: C:\GitHub\23-1002 MEC FF\INVOPT\WorkDir\Scen_m11s03u20r00f00
[23-maj-12 13.44.37] {MEC_run_jobs_2.py:235} INFO - Reading scenarios from MECKapacInput.xlsb ...
[23-maj-12 13.44.37] {MEC_run_jobs_2.py:530} INFO - Modifying Excel input file for Scen_m11s03u20r00f00 ...
[23-maj-13 12.29.02] {MEC_run_jobs_2.py:463} INFO - Starting MEC_run_jobs_2 ...
[23-maj-13 12.29.02] {MEC_run_jobs_2.py:516} WARNING - Validation mode - only creating input files
[23-maj-13 12.29.02] {MEC_run_jobs_2.py:526} INFO - Creating CoreData instance for Scen_m11s02u11r00f00 ...
[23-maj-13 12.29.02] {MEC_run_jobs_2.py:170} INFO - Copying input files to C:\GitHub\23-1002 MEC FF\INVOPT\WorkDir\Scen_m11s02u11r00f00 ...
[23-maj-13 12.29.02] {MEC_run_jobs_2.py:173} INFO - Removing files from working directory: C:\GitHub\23-1002 MEC FF\INVOPT\WorkDir\Scen_m11s02u11r00f00
[23-maj-13 12.29.02] {MEC_run_jobs_2.py:179} WARNING - Unable to remove file: C:\GitHub\23-1002 MEC FF\INVOPT\WorkDir\Scen_m11s02u11r00f00\MECmain.gdx
ex=PermissionError(13, 'The process cannot access the file because it is being used by another process')
Traceback (most recent call last):
  File "C:\GitHub\23-1002 MEC FF\Python\MEC_run_jobs_2.py", line 177, in copyInputFiles
    os.remove(filePath)
PermissionError: [WinError 32] The process cannot access the file because it is being used by another process: 'C:\\GitHub\\23-1002 MEC FF\\INVOPT\\WorkDir\\Scen_m11s02u11r00f00\\MECmain.gdx'
[23-maj-13 12.29.16] {MEC_run_jobs_2.py:235} INFO - Reading scenarios from MECKapacInput.xlsb ...
[23-maj-13 12.29.16] {MEC_run_jobs_2.py:531} INFO - Modifying Excel input file for Scen_m11s02u11r00f00 ...
[23-maj-13 12.29.17] {pyplot.py:339} DEBUG - Loaded backend qtagg version 5.15.7.
[23-maj-13 12.30.15] {MEC_run_jobs_2.py:290} INFO - setParmMaster Scenarios.ScenarioID to 1102110000
[23-maj-13 12.30.15] {MEC_run_jobs_2.py:290} INFO - setParmMaster Scenarios.PeriodFirst to 7
[23-maj-13 12.30.15] {MEC_run_jobs_2.py:290} INFO - setParmMaster Scenarios.PeriodLast to 17
[23-maj-13 12.30.15] {MEC_run_jobs_2.py:290} INFO - setParmMaster Scenarios.DurationPeriod to 8760
[23-maj-13 12.30.15] {MEC_run_jobs_2.py:290} INFO - setParmMaster Scenarios.LenRollHorizonOverhang to 10
[23-maj-13 12.30.16] {MEC_run_jobs_2.py:290} INFO - setParmMaster Scenarios.OnDuplicatePeriods to 0
[23-maj-13 12.30.16] {MEC_run_jobs_2.py:290} INFO - setParmMaster Scenarios.OnTimeAggr to 5
[23-maj-13 12.30.16] {MEC_run_jobs_2.py:290} INFO - setParmMaster Scenarios.MasterIterMax to 15
[23-maj-13 12.30.16] {MEC_run_jobs_2.py:290} INFO - setParmMaster Scenarios.AlfaVersion to 5
[23-maj-13 12.30.16] {MEC_run_jobs_2.py:290} INFO - setParmMaster OnUGlobalScen.MaAff1 to 1
[23-maj-13 12.30.16] {MEC_run_jobs_2.py:290} INFO - setParmMaster OnUGlobalScen.MaAff2 to 1
[23-maj-13 12.30.16] {MEC_run_jobs_2.py:290} INFO - setParmMaster OnUGlobalScen.MaBio to 1
[23-maj-13 12.30.16] {MEC_run_jobs_2.py:290} INFO - setParmMaster OnUGlobalScen.HoNhpAir to 0
[23-maj-13 12.30.16] {MEC_run_jobs_2.py:290} INFO - setParmMaster OnUGlobalScen.HoNhpSew to 0
[23-maj-13 12.30.16] {MEC_run_jobs_2.py:290} INFO - setParmMaster OnUGlobalScen.HoNEk to 0
[23-maj-13 12.30.16] {MEC_run_jobs_2.py:290} INFO - setParmMaster OnUGlobalScen.StNEk to 0
[23-maj-13 12.30.16] {MEC_run_jobs_2.py:290} INFO - setParmMaster OnUGlobalScen.StNFlis to 0
[23-maj-13 12.30.16] {MEC_run_jobs_2.py:290} INFO - setParmMaster OnUGlobalScen.StNhpAir to 0
[23-maj-13 12.30.16] {MEC_run_jobs_2.py:290} INFO - setParmMaster OnUGlobalScen.StNhpSea to 0
[23-maj-13 12.30.16] {MEC_run_jobs_2.py:290} INFO - setParmMaster OnUGlobalScen.StNhpSew to 0
[23-maj-13 12.30.16] {MEC_run_jobs_2.py:290} INFO - setParmMaster OnUGlobalScen.MaNAff to 0
[23-maj-13 12.30.16] {MEC_run_jobs_2.py:290} INFO - setParmMaster OnUGlobalScen.MaNBk to 0
[23-maj-13 12.30.16] {MEC_run_jobs_2.py:290} INFO - setParmMaster OnUGlobalScen.HoNhpArla to 0
[23-maj-13 12.30.16] {MEC_run_jobs_2.py:290} INFO - setParmMaster OnUGlobalScen.HoNhpArla2 to 0
[23-maj-13 12.30.16] {MEC_run_jobs_2.py:290} INFO - setParmMaster OnUGlobalScen.HoNhpBirn to 0
[23-maj-13 12.30.16] {MEC_run_jobs_2.py:290} INFO - setParmMaster OnUGlobalScen.MaNhpPtX to 0
[23-maj-13 12.30.40] {MEC_run_jobs_2.py:290} INFO - setParmMaster OnUGlobalScen.MaNBk to 1
[23-maj-13 12.30.43] {MEC_run_jobs_2.py:290} INFO - setParmMaster OnUGlobalScen.MaAff2 to 0
[23-maj-13 12.30.46] {MEC_run_jobs_2.py:317} INFO - setParm CapUMaxPer.MaNBk to [25. 25. 25. 25. 25. 25. 25. 25. 25. 25. 25.]
[23-maj-16 12.34.48] {MEC_run_jobs_2.py:465} INFO - Starting MEC_run_jobs_2 ...
[23-maj-16 12.34.48] {MEC_run_jobs_2.py:520} WARNING - Validation mode - only creating input files
[23-maj-16 12.34.48] {MEC_run_jobs_2.py:522} INFO - Test mode = True
[23-maj-16 12.34.48] {MEC_run_jobs_2.py:530} INFO - Creating CoreData instance for Scen_T11s99u10r00f00 ...
[23-maj-16 12.34.48] {MEC_run_jobs_2.py:171} INFO - Copying input files to C:\GitHub\23-1002 MEC FF\INVOPT\WorkDir\Scen_T11s99u10r00f00 ...
[23-maj-16 12.34.48] {MEC_run_jobs_2.py:182} INFO - Creating working directory: C:\GitHub\23-1002 MEC FF\INVOPT\WorkDir\Scen_T11s99u10r00f00
[23-maj-16 12.34.53] {MEC_run_jobs_2.py:236} INFO - Reading scenarios from MECKapacInput.xlsb ...
[23-maj-16 12.34.54] {MEC_run_jobs_2.py:535} INFO - Modifying Excel input file for Scen_T11s99u10r00f00 ...
[23-maj-16 12.34.54] {MEC_run_jobs_2.py:291} INFO - setParmMaster Scenarios.ScenarioID to 1199100000
[23-maj-16 12.34.54] {MEC_run_jobs_2.py:291} INFO - setParmMaster Scenarios.PeriodFirst to 7
[23-maj-16 12.34.54] {MEC_run_jobs_2.py:291} INFO - setParmMaster Scenarios.PeriodLast to 13
[23-maj-16 12.34.54] {MEC_run_jobs_2.py:291} INFO - setParmMaster Scenarios.DurationPeriod to 8760
[23-maj-16 12.34.54] {MEC_run_jobs_2.py:291} INFO - setParmMaster Scenarios.LenRollHorizonOverhang to 10
[23-maj-16 12.34.54] {MEC_run_jobs_2.py:291} INFO - setParmMaster Scenarios.OnDuplicatePeriods to 0
[23-maj-16 12.34.54] {MEC_run_jobs_2.py:291} INFO - setParmMaster Scenarios.OnTimeAggr to 4
[23-maj-16 12.34.54] {MEC_run_jobs_2.py:291} INFO - setParmMaster Scenarios.MasterIterMax to 10
[23-maj-16 12.34.54] {MEC_run_jobs_2.py:291} INFO - setParmMaster Scenarios.AlfaVersion to 5
[23-maj-16 12.34.54] {MEC_run_jobs_2.py:291} INFO - setParmMaster OnUGlobalScen.MaAff1 to 1
[23-maj-16 12.34.54] {MEC_run_jobs_2.py:291} INFO - setParmMaster OnUGlobalScen.MaAff2 to 1
[23-maj-16 12.34.54] {MEC_run_jobs_2.py:291} INFO - setParmMaster OnUGlobalScen.MaBio to 1
[23-maj-16 12.34.54] {MEC_run_jobs_2.py:291} INFO - setParmMaster OnUGlobalScen.HoNhpAir to 0
[23-maj-16 12.34.54] {MEC_run_jobs_2.py:291} INFO - setParmMaster OnUGlobalScen.HoNhpSew to 0
[23-maj-16 12.34.54] {MEC_run_jobs_2.py:291} INFO - setParmMaster OnUGlobalScen.HoNEk to 0
[23-maj-16 12.34.54] {MEC_run_jobs_2.py:291} INFO - setParmMaster OnUGlobalScen.StNEk to 0
[23-maj-16 12.34.54] {MEC_run_jobs_2.py:291} INFO - setParmMaster OnUGlobalScen.StNFlis to 0
[23-maj-16 12.34.54] {MEC_run_jobs_2.py:291} INFO - setParmMaster OnUGlobalScen.StNhpAir to 0
[23-maj-16 12.34.54] {MEC_run_jobs_2.py:291} INFO - setParmMaster OnUGlobalScen.StNhpSea to 0
[23-maj-16 12.34.54] {MEC_run_jobs_2.py:291} INFO - setParmMaster OnUGlobalScen.StNhpSew to 0
[23-maj-16 12.34.54] {MEC_run_jobs_2.py:291} INFO - setParmMaster OnUGlobalScen.MaNAff to 0
[23-maj-16 12.34.54] {MEC_run_jobs_2.py:291} INFO - setParmMaster OnUGlobalScen.MaNBk to 0
[23-maj-16 12.34.54] {MEC_run_jobs_2.py:291} INFO - setParmMaster OnUGlobalScen.HoNhpArla to 0
[23-maj-16 12.34.54] {MEC_run_jobs_2.py:291} INFO - setParmMaster OnUGlobalScen.HoNhpArla2 to 0
[23-maj-16 12.34.54] {MEC_run_jobs_2.py:291} INFO - setParmMaster OnUGlobalScen.HoNhpBirn to 0
[23-maj-16 12.34.54] {MEC_run_jobs_2.py:291} INFO - setParmMaster OnUGlobalScen.MaNhpPtX to 0
[23-maj-16 12.34.54] {MEC_run_jobs_2.py:291} INFO - setParmMaster OnUGlobalScen.MaNBk to 1
[23-maj-16 12.34.54] {MEC_run_jobs_2.py:318} INFO - setParm CapUInitPer.MaNBk to [56.0, 47.0, 38.0, 50.0, 45.0, 45.0, 39.0]
[23-maj-16 12.35.00] {MEC_run_jobs_2.py:707} INFO - Spawning process for Scen_T11s99u10r00f00 job ...
[23-maj-16 12.35.01] {pyplot.py:339} DEBUG - Loaded backend qtagg version 5.15.7.
[23-maj-16 12.35.13] {MEC_run_jobs_2.py:714} DEBUG - ip=0, procs[ip].name='T11s99u10r00f00'
[23-maj-16 12.35.13] {MEC_run_jobs_2.py:716} INFO - End of verification run

[23-maj-16 12.35.13] {MEClib.py:68} INFO - Closing log file.
[23-maj-16 12.50.23] {MEC_run_jobs_2.py:465} INFO - Starting MEC_run_jobs_2 ...
[23-maj-16 12.50.23] {MEC_run_jobs_2.py:527} DEBUG - Skipping scenName='Scen_T11s99u10r00f00'
[23-maj-16 12.50.23] {pyplot.py:339} DEBUG - Loaded backend qtagg version 5.15.7.
[23-maj-16 12.50.26] {MEC_run_jobs_2.py:722} INFO - Starting GAMS jobs: nJobParallel=0, nJob=0
[23-maj-16 12.51.28] {MEC_run_jobs_2.py:465} INFO - Starting MEC_run_jobs_2 ...
[23-maj-16 12.51.28] {MEC_run_jobs_2.py:527} DEBUG - Skipping scenName='Scen_T11s99u10r00f00'
[23-maj-16 12.51.28] {MEC_run_jobs_2.py:722} INFO - Starting GAMS jobs: nJobParallel=0, nJob=0
[23-maj-16 12.51.38] {pyplot.py:339} DEBUG - Loaded backend qtagg version 5.15.7.
[23-maj-16 12.53.39] {MEC_run_jobs_2.py:465} INFO - Starting MEC_run_jobs_2 ...
[23-maj-16 12.53.39] {MEC_run_jobs_2.py:527} DEBUG - Skipping scenName='Scen_T11s99u10r00f00'
[23-maj-16 12.53.39] {MEC_run_jobs_2.py:722} INFO - Starting GAMS jobs: nJobParallel=0, nJob=0
[23-maj-16 12.53.49] {pyplot.py:339} DEBUG - Loaded backend qtagg version 5.15.7.
