[23-May-01 14.12.06] {MEC_run_jobs_2.py:431} INFO - Starting MEC_run_jobs_2 ...
[23-May-01 14.12.06] {MEC_run_jobs_2.py:461} INFO - Test mode = True
[23-May-01 14.12.06] {MEC_run_jobs_2.py:469} INFO - Creating CoreData instance for Scen_T11T99T01T00T00 ...
[23-May-01 14.12.06] {MEC_run_jobs_2.py:197} INFO - Copying input files to C:\GitHub\23-1002 MEC FF\INVOPT\WorkDir\Scen_T11T99T01T00T00 ...
[23-May-01 14.12.06] {MEC_run_jobs_2.py:200} INFO - Removing files from working directory: C:\GitHub\23-1002 MEC FF\INVOPT\WorkDir\Scen_T11T99T01T00T00
[23-May-01 14.12.12] {MEC_run_jobs_2.py:262} INFO - Reading scenarios from MECKapacInput.xlsb ...
[23-May-01 14.12.12] {MEC_run_jobs_2.py:474} INFO - Modifying Excel input file for Scen_T11T99T01T00T00 ...
[23-May-01 14.12.12] {pyplot.py:339} DEBUG - Loaded backend qtagg version 5.15.7.
[23-May-01 14.12.27] {MEC_run_jobs_2.py:317} INFO - setParmMaster Scenarios.ScenarioID to 1199010000
[23-May-01 14.12.27] {MEC_run_jobs_2.py:317} INFO - setParmMaster Scenarios.PeriodFirst to 7
[23-May-01 14.12.27] {MEC_run_jobs_2.py:317} INFO - setParmMaster Scenarios.PeriodLast to 13
[23-May-01 14.12.27] {MEC_run_jobs_2.py:317} INFO - setParmMaster Scenarios.DurationPeriod to 8760
[23-May-01 14.12.27] {MEC_run_jobs_2.py:317} INFO - setParmMaster Scenarios.LenRollHorizonOverhang to 10
[23-May-01 14.12.27] {MEC_run_jobs_2.py:317} INFO - setParmMaster Scenarios.OnDuplicatePeriods to 0
[23-May-01 14.12.27] {MEC_run_jobs_2.py:317} INFO - setParmMaster Scenarios.OnTimeAggr to 2
[23-May-01 14.12.27] {MEC_run_jobs_2.py:317} INFO - setParmMaster Scenarios.MasterIterMax to 15
[23-May-01 14.12.27] {MEC_run_jobs_2.py:317} INFO - setParmMaster Scenarios.AlfaVersion to 5
[23-May-01 14.12.27] {MEC_run_jobs_2.py:317} INFO - setParmMaster OnUGlobalScen.MaAff1 to 1
[23-May-01 14.12.27] {MEC_run_jobs_2.py:317} INFO - setParmMaster OnUGlobalScen.MaAff2 to 1
[23-May-01 14.12.27] {MEC_run_jobs_2.py:317} INFO - setParmMaster OnUGlobalScen.MaBio to 1
[23-May-01 14.12.27] {MEC_run_jobs_2.py:317} INFO - setParmMaster OnUGlobalScen.HoNhpAir to 1
[23-May-01 14.12.27] {MEC_run_jobs_2.py:317} INFO - setParmMaster OnUGlobalScen.HoNhpSew to 1
[23-May-01 14.12.27] {MEC_run_jobs_2.py:317} INFO - setParmMaster OnUGlobalScen.HoNEk to 1
[23-May-01 14.12.27] {MEC_run_jobs_2.py:317} INFO - setParmMaster OnUGlobalScen.StNhpAir to 1
[23-May-01 14.12.27] {MEC_run_jobs_2.py:317} INFO - setParmMaster OnUGlobalScen.StNhpSea to 1
[23-May-01 14.12.27] {MEC_run_jobs_2.py:317} INFO - setParmMaster OnUGlobalScen.StNhpSew to 1
[23-May-01 14.12.27] {MEC_run_jobs_2.py:317} INFO - setParmMaster OnUGlobalScen.StNFlis to 1
[23-May-01 14.12.27] {MEC_run_jobs_2.py:317} INFO - setParmMaster OnUGlobalScen.MaNAff to 1
[23-May-01 14.12.27] {MEC_run_jobs_2.py:317} INFO - setParmMaster OnUGlobalScen.MaNBk to 1
[23-May-01 14.12.27] {MEC_run_jobs_2.py:317} INFO - setParmMaster OnUGlobalScen.HoNhpArla to 1
[23-May-01 14.12.27] {MEC_run_jobs_2.py:317} INFO - setParmMaster OnUGlobalScen.HoNhpArla2 to 1
[23-May-01 14.12.27] {MEC_run_jobs_2.py:317} INFO - setParmMaster OnUGlobalScen.HoNhpBirn to 1
[23-May-01 14.12.30] {MEC_run_jobs_2.py:317} INFO - setParmMaster OnUGlobalScen.MaNhpPtX to 1
[23-May-01 14.12.33] {MEC_run_jobs_2.py:317} INFO - setParmMaster Scenarios.PeriodLast to 9
[23-May-01 14.12.55] {MEC_run_jobs_2.py:317} INFO - setParmMaster OnUGlobalScen.HoNhpAir to 0
[23-May-01 14.12.55] {MEC_run_jobs_2.py:317} INFO - setParmMaster OnUGlobalScen.HoNhpSew to 0
[23-May-01 14.12.55] {MEC_run_jobs_2.py:317} INFO - setParmMaster OnUGlobalScen.HoNEk to 0
[23-May-01 14.12.55] {MEC_run_jobs_2.py:317} INFO - setParmMaster OnUGlobalScen.StNhpAir to 0
[23-May-01 14.12.55] {MEC_run_jobs_2.py:317} INFO - setParmMaster OnUGlobalScen.StNhpSea to 0
[23-May-01 14.12.55] {MEC_run_jobs_2.py:317} INFO - setParmMaster OnUGlobalScen.StNhpSew to 0
[23-May-01 14.12.55] {MEC_run_jobs_2.py:317} INFO - setParmMaster OnUGlobalScen.StNFlis to 0
[23-May-01 14.12.55] {MEC_run_jobs_2.py:317} INFO - setParmMaster OnUGlobalScen.MaNAff to 0
[23-May-01 14.12.55] {MEC_run_jobs_2.py:317} INFO - setParmMaster OnUGlobalScen.MaNBk to 0
[23-May-01 14.12.55] {MEC_run_jobs_2.py:317} INFO - setParmMaster OnUGlobalScen.HoNhpArla to 0
[23-May-01 14.12.55] {MEC_run_jobs_2.py:317} INFO - setParmMaster OnUGlobalScen.HoNhpArla2 to 0
[23-May-01 14.12.55] {MEC_run_jobs_2.py:317} INFO - setParmMaster OnUGlobalScen.HoNhpBirn to 0
[23-May-01 14.12.57] {MEC_run_jobs_2.py:317} INFO - setParmMaster OnUGlobalScen.MaNhpPtX to 0
[23-May-01 14.13.09] {MEC_run_jobs_2.py:619} INFO - Spawning process for Scen_T11T99T01T00T00 job ...
[23-May-01 14.13.42] {MEC_run_jobs_2.py:466} DEBUG - Skipping scenName='Scen_m11s01u00r00f00'
[23-May-01 14.13.44] {MEC_run_jobs_2.py:466} DEBUG - Skipping scenName='Scen_m11s02u00r00f00'
[23-May-01 14.13.47] {MEC_run_jobs_2.py:626} DEBUG - ip=0, procs[ip].name='Scen_T11T99T01T00T00'
[23-May-01 14.13.48] {MEC_run_jobs_2.py:628} INFO - End of verification run

[23-May-01 14.13.53] {MEC_run_jobs_2.py:713} INFO - Closing log file.
