[23-maj-02 11.12.02] {MECPostproc.py:169} INFO - Results saved as file: C:\GitHub\23-1002 MEC FF\INVOPT\Results\Data til MEC\StatsMec_Scen_m11s01u00r00f00.xlsx
[23-maj-02 11.12.02] {MEClib.py:63} INFO - Closing log file.
[23-maj-15 07.15.12] {pyplot.py:339} DEBUG - Loaded backend qtagg version 5.15.7.
[23-maj-15 07.15.15] {GdxWrapper.py:65} INFO - Opening gdx file: C:\GitHub\23-1002 MEC FF\INVOPT\Results\MECmain_Scen_m11s01u00r00f00.gdx
[23-maj-15 07.15.15] {GdxWrapper.py:67} INFO - Opening gdx file succeeded !
[23-maj-15 07.18.57] {MEClib.py:68} INFO - Closing log file.
[23-maj-15 07.19.20] {pyplot.py:339} DEBUG - Loaded backend qtagg version 5.15.7.
[23-maj-15 07.19.22] {GdxWrapper.py:65} INFO - Opening gdx file: C:\GitHub\23-1002 MEC FF\INVOPT\Results\MECmain_Scen_m11s01u00r00f00.gdx
[23-maj-15 07.19.22] {GdxWrapper.py:67} INFO - Opening gdx file succeeded !
[23-maj-15 07.31.50] {MEClib.py:68} INFO - Closing log file.
[23-maj-15 07.33.20] {GdxWrapper.py:65} INFO - Opening gdx file: C:\GitHub\23-1002 MEC FF\INVOPT\Results\MECmain_Scen_m11s01u00r00f00.gdx
[23-maj-15 07.33.20] {GdxWrapper.py:67} INFO - Opening gdx file succeeded !
[23-maj-15 07.33.20] {pyplot.py:339} DEBUG - Loaded backend qtagg version 5.15.7.
[23-maj-15 07.36.50] {GdxWrapper.py:65} INFO - Opening gdx file: C:\GitHub\23-1002 MEC FF\INVOPT\Results\MECmain_Scen_m11s01u00r00f00.gdx
[23-maj-15 07.36.50] {GdxWrapper.py:67} INFO - Opening gdx file succeeded !
[23-maj-15 07.36.50] {pyplot.py:339} DEBUG - Loaded backend qtagg version 5.15.7.
[23-maj-15 07.56.30] {GdxWrapper.py:65} INFO - Opening gdx file: C:\GitHub\23-1002 MEC FF\INVOPT\Results\MECmain_Scen_m11s01u00r00f00.gdx
[23-maj-15 07.56.30] {GdxWrapper.py:67} INFO - Opening gdx file succeeded !
[23-maj-15 07.56.30] {pyplot.py:339} DEBUG - Loaded backend qtagg version 5.15.7.
[23-maj-15 08.06.40] {GdxWrapper.py:65} INFO - Opening gdx file: C:\GitHub\23-1002 MEC FF\INVOPT\Results\MECmain_Scen_m11s01u00r00f00.gdx
[23-maj-15 08.06.40] {GdxWrapper.py:67} INFO - Opening gdx file succeeded !
[23-maj-15 08.06.41] {pyplot.py:339} DEBUG - Loaded backend qtagg version 5.15.7.
[23-maj-15 08.08.42] {GdxWrapper.py:65} INFO - Opening gdx file: C:\GitHub\23-1002 MEC FF\INVOPT\Results\MECmain_Scen_m11s01u00r00f00.gdx
[23-maj-15 08.08.42] {GdxWrapper.py:67} INFO - Opening gdx file succeeded !
[23-maj-15 08.08.42] {pyplot.py:339} DEBUG - Loaded backend qtagg version 5.15.7.
[23-maj-15 08.12.44] {GdxWrapper.py:65} INFO - Opening gdx file: C:\GitHub\23-1002 MEC FF\INVOPT\Results\MECmain_Scen_m11s01u00r00f00.gdx
[23-maj-15 08.12.44] {GdxWrapper.py:67} INFO - Opening gdx file succeeded !
[23-maj-15 08.12.44] {pyplot.py:339} DEBUG - Loaded backend qtagg version 5.15.7.
[23-maj-15 08.17.35] {MECPostproc.py:177} INFO - Results saved as file: C:\GitHub\23-1002 MEC FF\INVOPT\Results\Data til MEC\StatsMec_Scen_m11s01u00r00f00.xlsx
[23-maj-15 08.17.37] {MEClib.py:68} INFO - Closing log file.
[23-maj-16 06.57.35] {pyplot.py:339} DEBUG - Loaded backend qtagg version 5.15.7.
[23-maj-16 06.58.01] {GdxWrapper.py:65} INFO - Opening gdx file: C:\GitHub\23-1002 MEC FF\INVOPT\Results\MECmain_Scen_m11s01u00r00f00.gdx
[23-maj-16 06.58.01] {GdxWrapper.py:67} INFO - Opening gdx file succeeded !
[23-maj-16 06.58.23] {pyplot.py:339} DEBUG - Loaded backend qtagg version 5.15.7.
[23-maj-16 06.58.36] {MECPostproc.py:177} INFO - Results saved as file: C:\GitHub\23-1002 MEC FF\INVOPT\Results\Data til MEC\StatsMec_Scen_m11s01u00r00f00.xlsx
[23-maj-16 06.58.36] {MEClib.py:68} INFO - Closing log file.
[23-maj-17 10.06.54] {GdxWrapper.py:65} INFO - Opening gdx file: C:\GitHub\23-1002 MEC FF\INVOPT\Results\MECmain_Scen_m11s01u00r00f00.gdx
[23-maj-17 10.06.54] {GdxWrapper.py:67} INFO - Opening gdx file succeeded !
[23-maj-17 10.20.51] {GdxWrapper.py:65} INFO - Opening gdx file: C:\GitHub\23-1002 MEC FF\INVOPT\Results\MECmain_Scen_m11s01u00r00f00.gdx
[23-maj-17 10.20.51] {GdxWrapper.py:67} INFO - Opening gdx file succeeded !
[23-maj-17 10.20.53] {pyplot.py:339} DEBUG - Loaded backend qtagg version 5.15.7.
[23-maj-17 10.22.44] {GdxWrapper.py:65} INFO - Opening gdx file: C:\GitHub\23-1002 MEC FF\INVOPT\Results\MECmain_Scen_m11s01u00r00f00.gdx
[23-maj-17 10.22.44] {GdxWrapper.py:67} INFO - Opening gdx file succeeded !
[23-maj-17 10.22.45] {pyplot.py:339} DEBUG - Loaded backend qtagg version 5.15.7.
[23-maj-17 10.24.45] {GdxWrapper.py:65} INFO - Opening gdx file: C:\GitHub\23-1002 MEC FF\INVOPT\Results\MECmain_Scen_m11s01u00r00f00.gdx
[23-maj-17 10.24.45] {GdxWrapper.py:67} INFO - Opening gdx file succeeded !
[23-maj-17 10.24.46] {pyplot.py:339} DEBUG - Loaded backend qtagg version 5.15.7.
[23-maj-17 10.25.49] {GdxWrapper.py:65} INFO - Opening gdx file: C:\GitHub\23-1002 MEC FF\INVOPT\Results\MECmain_Scen_m11s01u00r00f00.gdx
[23-maj-17 10.25.49] {GdxWrapper.py:67} INFO - Opening gdx file succeeded !
[23-maj-17 10.25.50] {pyplot.py:339} DEBUG - Loaded backend qtagg version 5.15.7.
[23-maj-17 10.26.52] {GdxWrapper.py:65} INFO - Opening gdx file: C:\GitHub\23-1002 MEC FF\INVOPT\Results\MECmain_Scen_m11s01u00r00f00.gdx
[23-maj-17 10.26.52] {GdxWrapper.py:67} INFO - Opening gdx file succeeded !
[23-maj-17 10.26.53] {pyplot.py:339} DEBUG - Loaded backend qtagg version 5.15.7.
[23-maj-17 10.36.21] {GdxWrapper.py:65} INFO - Opening gdx file: C:\GitHub\23-1002 MEC FF\INVOPT\Results\MECmain_Scen_m11s01u00r00f00.gdx
[23-maj-17 10.36.21] {GdxWrapper.py:67} INFO - Opening gdx file succeeded !
[23-maj-17 10.36.22] {pyplot.py:339} DEBUG - Loaded backend qtagg version 5.15.7.
[23-maj-17 10.37.12] {GdxWrapper.py:65} INFO - Opening gdx file: C:\GitHub\23-1002 MEC FF\INVOPT\Results\MECmain_Scen_m11s01u00r00f00.gdx
[23-maj-17 10.37.12] {GdxWrapper.py:67} INFO - Opening gdx file succeeded !
[23-maj-17 10.37.13] {pyplot.py:339} DEBUG - Loaded backend qtagg version 5.15.7.
[23-maj-17 10.39.24] {GdxWrapper.py:65} INFO - Opening gdx file: C:\GitHub\23-1002 MEC FF\INVOPT\Results\MECmain_Scen_m11s01u00r00f00.gdx
[23-maj-17 10.39.24] {GdxWrapper.py:67} INFO - Opening gdx file succeeded !
[23-maj-17 10.46.46] {GdxWrapper.py:65} INFO - Opening gdx file: C:\GitHub\23-1002 MEC FF\INVOPT\Results\MECmain_Scen_m11s01u00r00f00.gdx
[23-maj-17 10.46.46] {GdxWrapper.py:67} INFO - Opening gdx file succeeded !
[23-maj-18 16.17.46] {pyplot.py:339} DEBUG - Loaded backend qtagg version 5.15.7.
[23-maj-18 16.18.19] {pyplot.py:339} DEBUG - Loaded backend qtagg version 5.15.7.
[23-maj-18 17.04.33] {pyplot.py:339} DEBUG - Loaded backend qtagg version 5.15.7.
[23-maj-18 17.10.11] {pyplot.py:339} DEBUG - Loaded backend qtagg version 5.15.7.
[23-maj-18 17.12.59] {pyplot.py:339} DEBUG - Loaded backend qtagg version 5.15.7.
[23-maj-18 17.14.07] {pyplot.py:339} DEBUG - Loaded backend qtagg version 5.15.7.
[23-maj-18 17.16.08] {pyplot.py:339} DEBUG - Loaded backend qtagg version 5.15.7.
[23-maj-18 17.18.23] {pyplot.py:339} DEBUG - Loaded backend qtagg version 5.15.7.
[23-maj-18 17.21.10] {pyplot.py:339} DEBUG - Loaded backend qtagg version 5.15.7.
[23-maj-18 17.39.00] {pyplot.py:339} DEBUG - Loaded backend qtagg version 5.15.7.
[23-maj-18 17.40.20] {pyplot.py:339} DEBUG - Loaded backend qtagg version 5.15.7.
[23-maj-18 17.53.56] {pyplot.py:339} DEBUG - Loaded backend qtagg version 5.15.7.
[23-maj-18 17.56.48] {pyplot.py:339} DEBUG - Loaded backend qtagg version 5.15.7.
[23-maj-18 18.20.02] {pyplot.py:339} DEBUG - Loaded backend qtagg version 5.15.7.
[23-maj-18 18.20.27] {MEClib.py:68} INFO - Closing log file.
[23-maj-18 18.23.05] {pyplot.py:339} DEBUG - Loaded backend qtagg version 5.15.7.
